  Compiling CUDA source file main.cu...
  
  E:\CS275\CUDA_stable_fluids\Stable_fluids\Stable_fluids>"E:\cuda develop\bin\nvcc.exe" -gencode=arch=compute_52,code=\"sm_52,compute_52\" --use-local-env -ccbin "E:\visual studio ide\VC\Tools\MSVC\14.34.31933\bin\HostX64\x64" -x cu   -I"E:\cuda develop\include" -I"C:\src\vcpkg\installed\x64-windows\include" -I"E:\cuda develop\include"     --keep-dir x64\Release  -maxrregcount=0  --machine 64 --compile -cudart static    -DWIN32 -DWIN64 -DNDEBUG -D_CONSOLE -D_MBCS -Xcompiler "/EHsc /W3 /nologo /O2 /FS   /MD " -Xcompiler "/Fdx64\Release\vc143.pdb" -o E:\CS275\CUDA_stable_fluids\Stable_fluids\Stable_fluids\x64\Release\main.cu.obj "E:\CS275\CUDA_stable_fluids\Stable_fluids\Stable_fluids\main.cu" 
E:/cuda develop/include\cuda.h(19592): warning C4819: 该文件包含不能在当前代码页(936)中表示的字符。请将该文件保存为 Unicode 格式以防止数据丢失
E:/cuda develop/include\cuda.h(20288): warning C4819: 该文件包含不能在当前代码页(936)中表示的字符。请将该文件保存为 Unicode 格式以防止数据丢失
C:\src\vcpkg\installed\x64-windows\include\eigen3\Eigen\src/Core/arch/Default/Half.h(1): warning C4819: 该文件包含不能在当前代码页(936)中表示的字符。请将该文件保存为 Unicode 格式以防止数据丢失
C:\src\vcpkg\installed\x64-windows\include\eigen3\Eigen\src/Core/arch/Default/BFloat16.h(1): warning C4819: 该文件包含不能在当前代码页(936)中表示的字符。请将该文件保存为 Unicode 格式以防止数据丢失
C:\src\vcpkg\installed\x64-windows\include\eigen3\Eigen\src/Core/arch/GPU/PacketMath.h(1): warning C4819: 该文件包含不能在当前代码页(936)中表示的字符。请将该文件保存为 Unicode 格式以防止数据丢失
C:\src\vcpkg\installed\x64-windows\include\eigen3\Eigen\src/Core/arch/Default/GenericPacketMathFunctions.h(676): warning C4819: 该文件包含不能在当前代码页(936)中表示的字符。请将该文件保存为 Unicode 格式以防止数据丢失
C:\src\vcpkg\installed\x64-windows\include\glm\ext\../detail/type_vec2.hpp(94): warning #20012-D: __device__ annotation is ignored on a function("vec") that is explicitly defaulted on its first declaration
  
  Remark: The warnings can be suppressed with "-diag-suppress <warning-number>"
  
C:\src\vcpkg\installed\x64-windows\include\glm\ext\../detail/type_vec2.hpp(94): warning #20012-D: __host__ annotation is ignored on a function("vec") that is explicitly defaulted on its first declaration
  
C:\src\vcpkg\installed\x64-windows\include\glm\ext\../detail/type_vec2.hpp(95): warning #20012-D: __device__ annotation is ignored on a function("vec") that is explicitly defaulted on its first declaration
  
C:\src\vcpkg\installed\x64-windows\include\glm\ext\../detail/type_vec2.hpp(95): warning #20012-D: __host__ annotation is ignored on a function("vec") that is explicitly defaulted on its first declaration
  
C:\src\vcpkg\installed\x64-windows\include\glm\ext\../detail/type_vec2.hpp(143): warning #20012-D: __device__ annotation is ignored on a function("operator=") that is explicitly defaulted on its first declaration
  
C:\src\vcpkg\installed\x64-windows\include\glm\ext\../detail/type_vec2.hpp(143): warning #20012-D: __host__ annotation is ignored on a function("operator=") that is explicitly defaulted on its first declaration
  
C:\src\vcpkg\installed\x64-windows\include\glm\ext\../detail/type_vec3.hpp(98): warning #20012-D: __device__ annotation is ignored on a function("vec") that is explicitly defaulted on its first declaration
  
C:\src\vcpkg\installed\x64-windows\include\glm\ext\../detail/type_vec3.hpp(98): warning #20012-D: __host__ annotation is ignored on a function("vec") that is explicitly defaulted on its first declaration
  
C:\src\vcpkg\installed\x64-windows\include\glm\ext\../detail/type_vec3.hpp(99): warning #20012-D: __device__ annotation is ignored on a function("vec") that is explicitly defaulted on its first declaration
  
C:\src\vcpkg\installed\x64-windows\include\glm\ext\../detail/type_vec3.hpp(99): warning #20012-D: __host__ annotation is ignored on a function("vec") that is explicitly defaulted on its first declaration
  
C:\src\vcpkg\installed\x64-windows\include\glm\ext\../detail/type_vec3.hpp(176): warning #20012-D: __device__ annotation is ignored on a function("operator=") that is explicitly defaulted on its first declaration
  
C:\src\vcpkg\installed\x64-windows\include\glm\ext\../detail/type_vec3.hpp(176): warning #20012-D: __host__ annotation is ignored on a function("operator=") that is explicitly defaulted on its first declaration
  
C:\src\vcpkg\installed\x64-windows\include\glm\ext\../detail/type_vec4.hpp(97): warning #20012-D: __device__ annotation is ignored on a function("vec") that is explicitly defaulted on its first declaration
  
C:\src\vcpkg\installed\x64-windows\include\glm\ext\../detail/type_vec4.hpp(97): warning #20012-D: __host__ annotation is ignored on a function("vec") that is explicitly defaulted on its first declaration
  
C:\src\vcpkg\installed\x64-windows\include\glm\ext\../detail/type_vec4.hpp(98): warning #20012-D: __device__ annotation is ignored on a function("vec") that is explicitly defaulted on its first declaration
  
C:\src\vcpkg\installed\x64-windows\include\glm\ext\../detail/type_vec4.hpp(98): warning #20012-D: __host__ annotation is ignored on a function("vec") that is explicitly defaulted on its first declaration
  
C:\src\vcpkg\installed\x64-windows\include\glm\ext\../detail/type_vec4.hpp(249): warning #20012-D: __device__ annotation is ignored on a function("operator=") that is explicitly defaulted on its first declaration
  
C:\src\vcpkg\installed\x64-windows\include\glm\ext\../detail/type_vec4.hpp(249): warning #20012-D: __host__ annotation is ignored on a function("operator=") that is explicitly defaulted on its first declaration
  
C:\src\vcpkg\installed\x64-windows\include\glm\ext\../detail/type_mat2x2.hpp(35): warning #20012-D: __device__ annotation is ignored on a function("mat") that is explicitly defaulted on its first declaration
  
C:\src\vcpkg\installed\x64-windows\include\glm\ext\../detail/type_mat2x2.hpp(35): warning #20012-D: __host__ annotation is ignored on a function("mat") that is explicitly defaulted on its first declaration
  
C:\src\vcpkg\installed\x64-windows\include\glm\ext\../detail/type_mat2x3.hpp(36): warning #20012-D: __device__ annotation is ignored on a function("mat") that is explicitly defaulted on its first declaration
  
C:\src\vcpkg\installed\x64-windows\include\glm\ext\../detail/type_mat2x3.hpp(36): warning #20012-D: __host__ annotation is ignored on a function("mat") that is explicitly defaulted on its first declaration
  
C:\src\vcpkg\installed\x64-windows\include\glm\ext\../detail/type_mat2x4.hpp(36): warning #20012-D: __device__ annotation is ignored on a function("mat") that is explicitly defaulted on its first declaration
  
C:\src\vcpkg\installed\x64-windows\include\glm\ext\../detail/type_mat2x4.hpp(36): warning #20012-D: __host__ annotation is ignored on a function("mat") that is explicitly defaulted on its first declaration
  
C:\src\vcpkg\installed\x64-windows\include\glm\ext\../detail/type_mat3x2.hpp(36): warning #20012-D: __device__ annotation is ignored on a function("mat") that is explicitly defaulted on its first declaration
  
C:\src\vcpkg\installed\x64-windows\include\glm\ext\../detail/type_mat3x2.hpp(36): warning #20012-D: __host__ annotation is ignored on a function("mat") that is explicitly defaulted on its first declaration
  
C:\src\vcpkg\installed\x64-windows\include\glm\ext\../detail/type_mat3x3.hpp(35): warning #20012-D: __device__ annotation is ignored on a function("mat") that is explicitly defaulted on its first declaration
  
C:\src\vcpkg\installed\x64-windows\include\glm\ext\../detail/type_mat3x3.hpp(35): warning #20012-D: __host__ annotation is ignored on a function("mat") that is explicitly defaulted on its first declaration
  
C:\src\vcpkg\installed\x64-windows\include\glm\ext\../detail/type_mat3x4.hpp(36): warning #20012-D: __device__ annotation is ignored on a function("mat") that is explicitly defaulted on its first declaration
  
C:\src\vcpkg\installed\x64-windows\include\glm\ext\../detail/type_mat3x4.hpp(36): warning #20012-D: __host__ annotation is ignored on a function("mat") that is explicitly defaulted on its first declaration
  
C:\src\vcpkg\installed\x64-windows\include\glm\ext\../detail/type_mat4x2.hpp(36): warning #20012-D: __device__ annotation is ignored on a function("mat") that is explicitly defaulted on its first declaration
  
C:\src\vcpkg\installed\x64-windows\include\glm\ext\../detail/type_mat4x2.hpp(36): warning #20012-D: __host__ annotation is ignored on a function("mat") that is explicitly defaulted on its first declaration
  
C:\src\vcpkg\installed\x64-windows\include\glm\ext\../detail/type_mat4x3.hpp(36): warning #20012-D: __device__ annotation is ignored on a function("mat") that is explicitly defaulted on its first declaration
  
C:\src\vcpkg\installed\x64-windows\include\glm\ext\../detail/type_mat4x3.hpp(36): warning #20012-D: __host__ annotation is ignored on a function("mat") that is explicitly defaulted on its first declaration
  
C:\src\vcpkg\installed\x64-windows\include\glm\ext\../detail/type_mat4x4.hpp(35): warning #20012-D: __device__ annotation is ignored on a function("mat") that is explicitly defaulted on its first declaration
  
C:\src\vcpkg\installed\x64-windows\include\glm\ext\../detail/type_mat4x4.hpp(35): warning #20012-D: __host__ annotation is ignored on a function("mat") that is explicitly defaulted on its first declaration
  
C:\src\vcpkg\installed\x64-windows\include\glm\detail/type_vec1.hpp(95): warning #20012-D: __device__ annotation is ignored on a function("vec") that is explicitly defaulted on its first declaration
  
C:\src\vcpkg\installed\x64-windows\include\glm\detail/type_vec1.hpp(95): warning #20012-D: __host__ annotation is ignored on a function("vec") that is explicitly defaulted on its first declaration
  
C:\src\vcpkg\installed\x64-windows\include\glm\detail/type_vec1.hpp(96): warning #20012-D: __device__ annotation is ignored on a function("vec") that is explicitly defaulted on its first declaration
  
C:\src\vcpkg\installed\x64-windows\include\glm\detail/type_vec1.hpp(96): warning #20012-D: __host__ annotation is ignored on a function("vec") that is explicitly defaulted on its first declaration
  
C:\src\vcpkg\installed\x64-windows\include\glm\detail/type_vec1.hpp(132): warning #20012-D: __device__ annotation is ignored on a function("operator=") that is explicitly defaulted on its first declaration
  
C:\src\vcpkg\installed\x64-windows\include\glm\detail/type_vec1.hpp(132): warning #20012-D: __host__ annotation is ignored on a function("operator=") that is explicitly defaulted on its first declaration
  
C:\src\vcpkg\installed\x64-windows\include\eigen3\Eigen\src/Core/DenseStorage.h(223): warning #20012-D: __host__ annotation is ignored on a function("DenseStorage") that is explicitly defaulted on its first declaration
  
C:\src\vcpkg\installed\x64-windows\include\eigen3\Eigen\src/Core/DenseStorage.h(223): warning #20012-D: __device__ annotation is ignored on a function("DenseStorage") that is explicitly defaulted on its first declaration
  
C:\src\vcpkg\installed\x64-windows\include\eigen3\Eigen\src/Core/DenseStorage.h(233): warning #20012-D: __host__ annotation is ignored on a function("operator=") that is explicitly defaulted on its first declaration
  
C:\src\vcpkg\installed\x64-windows\include\eigen3\Eigen\src/Core/DenseStorage.h(233): warning #20012-D: __device__ annotation is ignored on a function("operator=") that is explicitly defaulted on its first declaration
  
C:\src\vcpkg\installed\x64-windows\include\eigen3\Eigen\src/Core/DenseStorage.h(248): warning #20012-D: __host__ annotation is ignored on a function("DenseStorage") that is explicitly defaulted on its first declaration
  
C:\src\vcpkg\installed\x64-windows\include\eigen3\Eigen\src/Core/DenseStorage.h(248): warning #20012-D: __device__ annotation is ignored on a function("DenseStorage") that is explicitly defaulted on its first declaration
  
C:\src\vcpkg\installed\x64-windows\include\eigen3\Eigen\src/Core/DenseStorage.h(249): warning #20012-D: __host__ annotation is ignored on a function("operator=") that is explicitly defaulted on its first declaration
  
C:\src\vcpkg\installed\x64-windows\include\eigen3\Eigen\src/Core/DenseStorage.h(249): warning #20012-D: __device__ annotation is ignored on a function("operator=") that is explicitly defaulted on its first declaration
  
E:/cuda develop/include\cuda.h(19592): warning C4819: 该文件包含不能在当前代码页(936)中表示的字符。请将该文件保存为 Unicode 格式以防止数据丢失
E:/cuda develop/include\cuda.h(20288): warning C4819: 该文件包含不能在当前代码页(936)中表示的字符。请将该文件保存为 Unicode 格式以防止数据丢失
C:\src\vcpkg\installed\x64-windows\include\eigen3\Eigen\src/Core/arch/Default/Half.h(1): warning C4819: 该文件包含不能在当前代码页(936)中表示的字符。请将该文件保存为 Unicode 格式以防止数据丢失
C:\src\vcpkg\installed\x64-windows\include\eigen3\Eigen\src/Core/arch/Default/BFloat16.h(1): warning C4819: 该文件包含不能在当前代码页(936)中表示的字符。请将该文件保存为 Unicode 格式以防止数据丢失
C:\src\vcpkg\installed\x64-windows\include\eigen3\Eigen\src/Core/arch/GPU/PacketMath.h(1): warning C4819: 该文件包含不能在当前代码页(936)中表示的字符。请将该文件保存为 Unicode 格式以防止数据丢失
C:\src\vcpkg\installed\x64-windows\include\eigen3\Eigen\src/Core/arch/Default/GenericPacketMathFunctions.h(676): warning C4819: 该文件包含不能在当前代码页(936)中表示的字符。请将该文件保存为 Unicode 格式以防止数据丢失
C:\src\vcpkg\installed\x64-windows\include\glm\ext\../detail/type_vec2.hpp(94): warning #20012-D: __device__ annotation is ignored on a function("vec") that is explicitly defaulted on its first declaration
  
  Remark: The warnings can be suppressed with "-diag-suppress <warning-number>"
  
C:\src\vcpkg\installed\x64-windows\include\glm\ext\../detail/type_vec2.hpp(94): warning #20012-D: __host__ annotation is ignored on a function("vec") that is explicitly defaulted on its first declaration
  
C:\src\vcpkg\installed\x64-windows\include\glm\ext\../detail/type_vec2.hpp(95): warning #20012-D: __device__ annotation is ignored on a function("vec") that is explicitly defaulted on its first declaration
  
C:\src\vcpkg\installed\x64-windows\include\glm\ext\../detail/type_vec2.hpp(95): warning #20012-D: __host__ annotation is ignored on a function("vec") that is explicitly defaulted on its first declaration
  
C:\src\vcpkg\installed\x64-windows\include\glm\ext\../detail/type_vec2.hpp(143): warning #20012-D: __device__ annotation is ignored on a function("operator=") that is explicitly defaulted on its first declaration
  
C:\src\vcpkg\installed\x64-windows\include\glm\ext\../detail/type_vec2.hpp(143): warning #20012-D: __host__ annotation is ignored on a function("operator=") that is explicitly defaulted on its first declaration
  
C:\src\vcpkg\installed\x64-windows\include\glm\ext\../detail/type_vec3.hpp(98): warning #20012-D: __device__ annotation is ignored on a function("vec") that is explicitly defaulted on its first declaration
  
C:\src\vcpkg\installed\x64-windows\include\glm\ext\../detail/type_vec3.hpp(98): warning #20012-D: __host__ annotation is ignored on a function("vec") that is explicitly defaulted on its first declaration
  
C:\src\vcpkg\installed\x64-windows\include\glm\ext\../detail/type_vec3.hpp(99): warning #20012-D: __device__ annotation is ignored on a function("vec") that is explicitly defaulted on its first declaration
  
C:\src\vcpkg\installed\x64-windows\include\glm\ext\../detail/type_vec3.hpp(99): warning #20012-D: __host__ annotation is ignored on a function("vec") that is explicitly defaulted on its first declaration
  
C:\src\vcpkg\installed\x64-windows\include\glm\ext\../detail/type_vec3.hpp(176): warning #20012-D: __device__ annotation is ignored on a function("operator=") that is explicitly defaulted on its first declaration
  
C:\src\vcpkg\installed\x64-windows\include\glm\ext\../detail/type_vec3.hpp(176): warning #20012-D: __host__ annotation is ignored on a function("operator=") that is explicitly defaulted on its first declaration
  
C:\src\vcpkg\installed\x64-windows\include\glm\ext\../detail/type_vec4.hpp(97): warning #20012-D: __device__ annotation is ignored on a function("vec") that is explicitly defaulted on its first declaration
  
C:\src\vcpkg\installed\x64-windows\include\glm\ext\../detail/type_vec4.hpp(97): warning #20012-D: __host__ annotation is ignored on a function("vec") that is explicitly defaulted on its first declaration
  
C:\src\vcpkg\installed\x64-windows\include\glm\ext\../detail/type_vec4.hpp(98): warning #20012-D: __device__ annotation is ignored on a function("vec") that is explicitly defaulted on its first declaration
  
C:\src\vcpkg\installed\x64-windows\include\glm\ext\../detail/type_vec4.hpp(98): warning #20012-D: __host__ annotation is ignored on a function("vec") that is explicitly defaulted on its first declaration
  
C:\src\vcpkg\installed\x64-windows\include\glm\ext\../detail/type_vec4.hpp(249): warning #20012-D: __device__ annotation is ignored on a function("operator=") that is explicitly defaulted on its first declaration
  
C:\src\vcpkg\installed\x64-windows\include\glm\ext\../detail/type_vec4.hpp(249): warning #20012-D: __host__ annotation is ignored on a function("operator=") that is explicitly defaulted on its first declaration
  
C:\src\vcpkg\installed\x64-windows\include\glm\ext\../detail/type_mat2x2.hpp(35): warning #20012-D: __device__ annotation is ignored on a function("mat") that is explicitly defaulted on its first declaration
  
C:\src\vcpkg\installed\x64-windows\include\glm\ext\../detail/type_mat2x2.hpp(35): warning #20012-D: __host__ annotation is ignored on a function("mat") that is explicitly defaulted on its first declaration
  
C:\src\vcpkg\installed\x64-windows\include\glm\ext\../detail/type_mat2x3.hpp(36): warning #20012-D: __device__ annotation is ignored on a function("mat") that is explicitly defaulted on its first declaration
  
C:\src\vcpkg\installed\x64-windows\include\glm\ext\../detail/type_mat2x3.hpp(36): warning #20012-D: __host__ annotation is ignored on a function("mat") that is explicitly defaulted on its first declaration
  
C:\src\vcpkg\installed\x64-windows\include\glm\ext\../detail/type_mat2x4.hpp(36): warning #20012-D: __device__ annotation is ignored on a function("mat") that is explicitly defaulted on its first declaration
  
C:\src\vcpkg\installed\x64-windows\include\glm\ext\../detail/type_mat2x4.hpp(36): warning #20012-D: __host__ annotation is ignored on a function("mat") that is explicitly defaulted on its first declaration
  
C:\src\vcpkg\installed\x64-windows\include\glm\ext\../detail/type_mat3x2.hpp(36): warning #20012-D: __device__ annotation is ignored on a function("mat") that is explicitly defaulted on its first declaration
  
C:\src\vcpkg\installed\x64-windows\include\glm\ext\../detail/type_mat3x2.hpp(36): warning #20012-D: __host__ annotation is ignored on a function("mat") that is explicitly defaulted on its first declaration
  
C:\src\vcpkg\installed\x64-windows\include\glm\ext\../detail/type_mat3x3.hpp(35): warning #20012-D: __device__ annotation is ignored on a function("mat") that is explicitly defaulted on its first declaration
  
C:\src\vcpkg\installed\x64-windows\include\glm\ext\../detail/type_mat3x3.hpp(35): warning #20012-D: __host__ annotation is ignored on a function("mat") that is explicitly defaulted on its first declaration
  
C:\src\vcpkg\installed\x64-windows\include\glm\ext\../detail/type_mat3x4.hpp(36): warning #20012-D: __device__ annotation is ignored on a function("mat") that is explicitly defaulted on its first declaration
  
C:\src\vcpkg\installed\x64-windows\include\glm\ext\../detail/type_mat3x4.hpp(36): warning #20012-D: __host__ annotation is ignored on a function("mat") that is explicitly defaulted on its first declaration
  
C:\src\vcpkg\installed\x64-windows\include\glm\ext\../detail/type_mat4x2.hpp(36): warning #20012-D: __device__ annotation is ignored on a function("mat") that is explicitly defaulted on its first declaration
  
C:\src\vcpkg\installed\x64-windows\include\glm\ext\../detail/type_mat4x2.hpp(36): warning #20012-D: __host__ annotation is ignored on a function("mat") that is explicitly defaulted on its first declaration
  
C:\src\vcpkg\installed\x64-windows\include\glm\ext\../detail/type_mat4x3.hpp(36): warning #20012-D: __device__ annotation is ignored on a function("mat") that is explicitly defaulted on its first declaration
  
C:\src\vcpkg\installed\x64-windows\include\glm\ext\../detail/type_mat4x3.hpp(36): warning #20012-D: __host__ annotation is ignored on a function("mat") that is explicitly defaulted on its first declaration
  
C:\src\vcpkg\installed\x64-windows\include\glm\ext\../detail/type_mat4x4.hpp(35): warning #20012-D: __device__ annotation is ignored on a function("mat") that is explicitly defaulted on its first declaration
  
C:\src\vcpkg\installed\x64-windows\include\glm\ext\../detail/type_mat4x4.hpp(35): warning #20012-D: __host__ annotation is ignored on a function("mat") that is explicitly defaulted on its first declaration
  
C:\src\vcpkg\installed\x64-windows\include\glm\detail/type_vec1.hpp(95): warning #20012-D: __device__ annotation is ignored on a function("vec") that is explicitly defaulted on its first declaration
  
C:\src\vcpkg\installed\x64-windows\include\glm\detail/type_vec1.hpp(95): warning #20012-D: __host__ annotation is ignored on a function("vec") that is explicitly defaulted on its first declaration
  
C:\src\vcpkg\installed\x64-windows\include\glm\detail/type_vec1.hpp(96): warning #20012-D: __device__ annotation is ignored on a function("vec") that is explicitly defaulted on its first declaration
  
C:\src\vcpkg\installed\x64-windows\include\glm\detail/type_vec1.hpp(96): warning #20012-D: __host__ annotation is ignored on a function("vec") that is explicitly defaulted on its first declaration
  
C:\src\vcpkg\installed\x64-windows\include\glm\detail/type_vec1.hpp(132): warning #20012-D: __device__ annotation is ignored on a function("operator=") that is explicitly defaulted on its first declaration
  
C:\src\vcpkg\installed\x64-windows\include\glm\detail/type_vec1.hpp(132): warning #20012-D: __host__ annotation is ignored on a function("operator=") that is explicitly defaulted on its first declaration
  
C:\src\vcpkg\installed\x64-windows\include\eigen3\Eigen\src/Core/MathFunctions.h(1535): warning #20013-D: calling a constexpr __host__ function("real") from a __host__ __device__ function("abs") is not allowed. The experimental flag '--expt-relaxed-constexpr' can be used to allow this.
  
C:\src\vcpkg\installed\x64-windows\include\eigen3\Eigen\src/Core/MathFunctions.h(1535): warning #20013-D: calling a constexpr __host__ function("imag") from a __host__ __device__ function("abs") is not allowed. The experimental flag '--expt-relaxed-constexpr' can be used to allow this.
  
C:\src\vcpkg\installed\x64-windows\include\eigen3\Eigen\src/Core/MathFunctions.h(1535): warning #20015-D: calling a constexpr __host__ function from a __host__ __device__ function is not allowed. The experimental flag '--expt-relaxed-constexpr' can be used to allow this.
  
C:\src\vcpkg\installed\x64-windows\include\eigen3\Eigen\src/Core/MathFunctions.h(1535): warning #20015-D: calling a constexpr __host__ function from a __host__ __device__ function is not allowed. The experimental flag '--expt-relaxed-constexpr' can be used to allow this.
  
C:\src\vcpkg\installed\x64-windows\include\eigen3\Eigen\src/Core/MathFunctions.h(1540): warning #20013-D: calling a constexpr __host__ function("real") from a __host__ __device__ function("abs") is not allowed. The experimental flag '--expt-relaxed-constexpr' can be used to allow this.
  
C:\src\vcpkg\installed\x64-windows\include\eigen3\Eigen\src/Core/MathFunctions.h(1540): warning #20013-D: calling a constexpr __host__ function("imag") from a __host__ __device__ function("abs") is not allowed. The experimental flag '--expt-relaxed-constexpr' can be used to allow this.
  
C:\src\vcpkg\installed\x64-windows\include\eigen3\Eigen\src/Core/MathFunctions.h(1540): warning #20015-D: calling a constexpr __host__ function from a __host__ __device__ function is not allowed. The experimental flag '--expt-relaxed-constexpr' can be used to allow this.
  
C:\src\vcpkg\installed\x64-windows\include\eigen3\Eigen\src/Core/MathFunctions.h(1540): warning #20015-D: calling a constexpr __host__ function from a __host__ __device__ function is not allowed. The experimental flag '--expt-relaxed-constexpr' can be used to allow this.
  
C:\src\vcpkg\installed\x64-windows\include\eigen3\Eigen\src/Core/MathFunctions.h(1564): warning #20013-D: calling a constexpr __host__ function("real") from a __host__ __device__ function("exp") is not allowed. The experimental flag '--expt-relaxed-constexpr' can be used to allow this.
  
C:\src\vcpkg\installed\x64-windows\include\eigen3\Eigen\src/Core/MathFunctions.h(1565): warning #20013-D: calling a constexpr __host__ function("imag") from a __host__ __device__ function("exp") is not allowed. The experimental flag '--expt-relaxed-constexpr' can be used to allow this.
  
C:\src\vcpkg\installed\x64-windows\include\eigen3\Eigen\src/Core/MathFunctions.h(1566): warning #20013-D: calling a constexpr __host__ function("imag") from a __host__ __device__ function("exp") is not allowed. The experimental flag '--expt-relaxed-constexpr' can be used to allow this.
  
C:\src\vcpkg\installed\x64-windows\include\eigen3\Eigen\src/Core/MathFunctions.h(1564): warning #20015-D: calling a constexpr __host__ function from a __host__ __device__ function is not allowed. The experimental flag '--expt-relaxed-constexpr' can be used to allow this.
  
C:\src\vcpkg\installed\x64-windows\include\eigen3\Eigen\src/Core/MathFunctions.h(1565): warning #20015-D: calling a constexpr __host__ function from a __host__ __device__ function is not allowed. The experimental flag '--expt-relaxed-constexpr' can be used to allow this.
  
C:\src\vcpkg\installed\x64-windows\include\eigen3\Eigen\src/Core/MathFunctions.h(1566): warning #20015-D: calling a constexpr __host__ function from a __host__ __device__ function is not allowed. The experimental flag '--expt-relaxed-constexpr' can be used to allow this.
  
C:\src\vcpkg\installed\x64-windows\include\eigen3\Eigen\src/Core/MathFunctions.h(1567): warning #20015-D: calling a constexpr __host__ function from a __host__ __device__ function is not allowed. The experimental flag '--expt-relaxed-constexpr' can be used to allow this.
  
C:\src\vcpkg\installed\x64-windows\include\eigen3\Eigen\src/Core/MathFunctions.h(1572): warning #20013-D: calling a constexpr __host__ function("real") from a __host__ __device__ function("exp") is not allowed. The experimental flag '--expt-relaxed-constexpr' can be used to allow this.
  
C:\src\vcpkg\installed\x64-windows\include\eigen3\Eigen\src/Core/MathFunctions.h(1573): warning #20013-D: calling a constexpr __host__ function("imag") from a __host__ __device__ function("exp") is not allowed. The experimental flag '--expt-relaxed-constexpr' can be used to allow this.
  
C:\src\vcpkg\installed\x64-windows\include\eigen3\Eigen\src/Core/MathFunctions.h(1574): warning #20013-D: calling a constexpr __host__ function("imag") from a __host__ __device__ function("exp") is not allowed. The experimental flag '--expt-relaxed-constexpr' can be used to allow this.
  
C:\src\vcpkg\installed\x64-windows\include\eigen3\Eigen\src/Core/MathFunctions.h(1572): warning #20015-D: calling a constexpr __host__ function from a __host__ __device__ function is not allowed. The experimental flag '--expt-relaxed-constexpr' can be used to allow this.
  
C:\src\vcpkg\installed\x64-windows\include\eigen3\Eigen\src/Core/MathFunctions.h(1573): warning #20015-D: calling a constexpr __host__ function from a __host__ __device__ function is not allowed. The experimental flag '--expt-relaxed-constexpr' can be used to allow this.
  
C:\src\vcpkg\installed\x64-windows\include\eigen3\Eigen\src/Core/MathFunctions.h(1574): warning #20015-D: calling a constexpr __host__ function from a __host__ __device__ function is not allowed. The experimental flag '--expt-relaxed-constexpr' can be used to allow this.
  
C:\src\vcpkg\installed\x64-windows\include\eigen3\Eigen\src/Core/MathFunctions.h(1575): warning #20015-D: calling a constexpr __host__ function from a __host__ __device__ function is not allowed. The experimental flag '--expt-relaxed-constexpr' can be used to allow this.
  
C:\src\vcpkg\installed\x64-windows\include\eigen3\Eigen\src/Core/arch/CUDA/Complex.h(234): warning #20015-D: calling a constexpr __host__ function from a __host__ __device__ function is not allowed. The experimental flag '--expt-relaxed-constexpr' can be used to allow this.
  
C:\src\vcpkg\installed\x64-windows\include\eigen3\Eigen\src/Core/arch/CUDA/Complex.h(234): warning #20015-D: calling a constexpr __host__ function from a __host__ __device__ function is not allowed. The experimental flag '--expt-relaxed-constexpr' can be used to allow this.
  
C:\src\vcpkg\installed\x64-windows\include\eigen3\Eigen\src/Core/arch/CUDA/Complex.h(234): warning #20015-D: calling a constexpr __host__ function from a __host__ __device__ function is not allowed. The experimental flag '--expt-relaxed-constexpr' can be used to allow this.
  
C:\src\vcpkg\installed\x64-windows\include\eigen3\Eigen\src/Core/arch/CUDA/Complex.h(234): warning #20015-D: calling a constexpr __host__ function from a __host__ __device__ function is not allowed. The experimental flag '--expt-relaxed-constexpr' can be used to allow this.
  
C:\src\vcpkg\installed\x64-windows\include\eigen3\Eigen\src/Core/arch/CUDA/Complex.h(234): warning #20015-D: calling a constexpr __host__ function from a __host__ __device__ function is not allowed. The experimental flag '--expt-relaxed-constexpr' can be used to allow this.
  
C:\src\vcpkg\installed\x64-windows\include\eigen3\Eigen\src/Core/arch/CUDA/Complex.h(234): warning #20015-D: calling a constexpr __host__ function from a __host__ __device__ function is not allowed. The experimental flag '--expt-relaxed-constexpr' can be used to allow this.
  
C:\src\vcpkg\installed\x64-windows\include\eigen3\Eigen\src/Core/arch/CUDA/Complex.h(234): warning #20015-D: calling a constexpr __host__ function from a __host__ __device__ function is not allowed. The experimental flag '--expt-relaxed-constexpr' can be used to allow this.
  
C:\src\vcpkg\installed\x64-windows\include\eigen3\Eigen\src/Core/arch/CUDA/Complex.h(234): warning #20015-D: calling a constexpr __host__ function from a __host__ __device__ function is not allowed. The experimental flag '--expt-relaxed-constexpr' can be used to allow this.
  
C:\src\vcpkg\installed\x64-windows\include\eigen3\Eigen\src/Core/arch/CUDA/Complex.h(234): warning #20015-D: calling a constexpr __host__ function from a __host__ __device__ function is not allowed. The experimental flag '--expt-relaxed-constexpr' can be used to allow this.
  
C:\src\vcpkg\installed\x64-windows\include\eigen3\Eigen\src/Core/arch/CUDA/Complex.h(234): warning #20015-D: calling a constexpr __host__ function from a __host__ __device__ function is not allowed. The experimental flag '--expt-relaxed-constexpr' can be used to allow this.
  
C:\src\vcpkg\installed\x64-windows\include\eigen3\Eigen\src/Core/arch/CUDA/Complex.h(234): warning #20015-D: calling a constexpr __host__ function from a __host__ __device__ function is not allowed. The experimental flag '--expt-relaxed-constexpr' can be used to allow this.
  
C:\src\vcpkg\installed\x64-windows\include\eigen3\Eigen\src/Core/arch/CUDA/Complex.h(235): warning #20015-D: calling a constexpr __host__ function from a __host__ __device__ function is not allowed. The experimental flag '--expt-relaxed-constexpr' can be used to allow this.
  
C:\src\vcpkg\installed\x64-windows\include\eigen3\Eigen\src/Core/arch/CUDA/Complex.h(235): warning #20015-D: calling a constexpr __host__ function from a __host__ __device__ function is not allowed. The experimental flag '--expt-relaxed-constexpr' can be used to allow this.
  
C:\src\vcpkg\installed\x64-windows\include\eigen3\Eigen\src/Core/arch/CUDA/Complex.h(235): warning #20015-D: calling a constexpr __host__ function from a __host__ __device__ function is not allowed. The experimental flag '--expt-relaxed-constexpr' can be used to allow this.
  
C:\src\vcpkg\installed\x64-windows\include\eigen3\Eigen\src/Core/arch/CUDA/Complex.h(235): warning #20015-D: calling a constexpr __host__ function from a __host__ __device__ function is not allowed. The experimental flag '--expt-relaxed-constexpr' can be used to allow this.
  
C:\src\vcpkg\installed\x64-windows\include\eigen3\Eigen\src/Core/arch/CUDA/Complex.h(235): warning #20015-D: calling a constexpr __host__ function from a __host__ __device__ function is not allowed. The experimental flag '--expt-relaxed-constexpr' can be used to allow this.
  
C:\src\vcpkg\installed\x64-windows\include\eigen3\Eigen\src/Core/arch/CUDA/Complex.h(235): warning #20015-D: calling a constexpr __host__ function from a __host__ __device__ function is not allowed. The experimental flag '--expt-relaxed-constexpr' can be used to allow this.
  
C:\src\vcpkg\installed\x64-windows\include\eigen3\Eigen\src/Core/arch/CUDA/Complex.h(235): warning #20015-D: calling a constexpr __host__ function from a __host__ __device__ function is not allowed. The experimental flag '--expt-relaxed-constexpr' can be used to allow this.
  
C:\src\vcpkg\installed\x64-windows\include\eigen3\Eigen\src/Core/arch/CUDA/Complex.h(235): warning #20015-D: calling a constexpr __host__ function from a __host__ __device__ function is not allowed. The experimental flag '--expt-relaxed-constexpr' can be used to allow this.
  
C:\src\vcpkg\installed\x64-windows\include\eigen3\Eigen\src/Core/arch/CUDA/Complex.h(235): warning #20015-D: calling a constexpr __host__ function from a __host__ __device__ function is not allowed. The experimental flag '--expt-relaxed-constexpr' can be used to allow this.
  
C:\src\vcpkg\installed\x64-windows\include\eigen3\Eigen\src/Core/arch/CUDA/Complex.h(235): warning #20015-D: calling a constexpr __host__ function from a __host__ __device__ function is not allowed. The experimental flag '--expt-relaxed-constexpr' can be used to allow this.
  
C:\src\vcpkg\installed\x64-windows\include\eigen3\Eigen\src/Core/arch/CUDA/Complex.h(235): warning #20015-D: calling a constexpr __host__ function from a __host__ __device__ function is not allowed. The experimental flag '--expt-relaxed-constexpr' can be used to allow this.
  
C:\src\vcpkg\installed\x64-windows\include\eigen3\Eigen\src/Core/DenseStorage.h(223): warning #20012-D: __host__ annotation is ignored on a function("DenseStorage") that is explicitly defaulted on its first declaration
  
C:\src\vcpkg\installed\x64-windows\include\eigen3\Eigen\src/Core/DenseStorage.h(223): warning #20012-D: __device__ annotation is ignored on a function("DenseStorage") that is explicitly defaulted on its first declaration
  
C:\src\vcpkg\installed\x64-windows\include\eigen3\Eigen\src/Core/DenseStorage.h(233): warning #20012-D: __host__ annotation is ignored on a function("operator=") that is explicitly defaulted on its first declaration
  
C:\src\vcpkg\installed\x64-windows\include\eigen3\Eigen\src/Core/DenseStorage.h(233): warning #20012-D: __device__ annotation is ignored on a function("operator=") that is explicitly defaulted on its first declaration
  
C:\src\vcpkg\installed\x64-windows\include\eigen3\Eigen\src/Core/DenseStorage.h(248): warning #20012-D: __host__ annotation is ignored on a function("DenseStorage") that is explicitly defaulted on its first declaration
  
C:\src\vcpkg\installed\x64-windows\include\eigen3\Eigen\src/Core/DenseStorage.h(248): warning #20012-D: __device__ annotation is ignored on a function("DenseStorage") that is explicitly defaulted on its first declaration
  
C:\src\vcpkg\installed\x64-windows\include\eigen3\Eigen\src/Core/DenseStorage.h(249): warning #20012-D: __host__ annotation is ignored on a function("operator=") that is explicitly defaulted on its first declaration
  
C:\src\vcpkg\installed\x64-windows\include\eigen3\Eigen\src/Core/DenseStorage.h(249): warning #20012-D: __device__ annotation is ignored on a function("operator=") that is explicitly defaulted on its first declaration
  
E:\CS275\CUDA_stable_fluids\Stable_fluids\Stable_fluids\main.cu(821): warning #550-D: variable "lastKeyState" was set but never used
  
E:\CS275\CUDA_stable_fluids\Stable_fluids\Stable_fluids\main.cu(1016): warning #550-D: variable "lastLeftButtonState" was set but never used
  
C:\src\vcpkg\installed\x64-windows\include\eigen3\Eigen\src/Core/MathFunctions.h(110): warning #20013-D: calling a constexpr __host__ function("real") from a __host__ __device__ function("run") is not allowed. The experimental flag '--expt-relaxed-constexpr' can be used to allow this.
            detected during:
              instantiation of "T Eigen::internal::real_impl<std::complex<T>>::run(const std::complex<T> &) [with T=float]" 
  (1232): here
              instantiation of "Eigen::internal::real_retval<Eigen::internal::global_math_functions_filtering_base<Scalar, void>::type>::type Eigen::numext::real(const Scalar &) [with Scalar=std::complex<float>]" 
  C:\src\vcpkg\installed\x64-windows\include\eigen3\Eigen\src/Core/arch/CUDA/Complex.h(234): here
  
C:\src\vcpkg\installed\x64-windows\include\eigen3\Eigen\src/Core/MathFunctions.h(110): warning #20015-D: calling a constexpr __host__ function from a __host__ __device__ function is not allowed. The experimental flag '--expt-relaxed-constexpr' can be used to allow this.
            detected during:
              instantiation of "T Eigen::internal::real_impl<std::complex<T>>::run(const std::complex<T> &) [with T=float]" 
  (1232): here
              instantiation of "Eigen::internal::real_retval<Eigen::internal::global_math_functions_filtering_base<Scalar, void>::type>::type Eigen::numext::real(const Scalar &) [with Scalar=std::complex<float>]" 
  C:\src\vcpkg\installed\x64-windows\include\eigen3\Eigen\src/Core/arch/CUDA/Complex.h(234): here
  
C:\src\vcpkg\installed\x64-windows\include\eigen3\Eigen\src/Core/MathFunctions.h(158): warning #20013-D: calling a constexpr __host__ function("imag") from a __host__ __device__ function("run") is not allowed. The experimental flag '--expt-relaxed-constexpr' can be used to allow this.
            detected during:
              instantiation of "T Eigen::internal::imag_impl<std::complex<T>>::run(const std::complex<T> &) [with T=float]" 
  (1253): here
              instantiation of "Eigen::internal::imag_retval<Eigen::internal::global_math_functions_filtering_base<Scalar, void>::type>::type Eigen::numext::imag(const Scalar &) [with Scalar=std::complex<float>]" 
  C:\src\vcpkg\installed\x64-windows\include\eigen3\Eigen\src/Core/arch/CUDA/Complex.h(234): here
  
C:\src\vcpkg\installed\x64-windows\include\eigen3\Eigen\src/Core/MathFunctions.h(158): warning #20015-D: calling a constexpr __host__ function from a __host__ __device__ function is not allowed. The experimental flag '--expt-relaxed-constexpr' can be used to allow this.
            detected during:
              instantiation of "T Eigen::internal::imag_impl<std::complex<T>>::run(const std::complex<T> &) [with T=float]" 
  (1253): here
              instantiation of "Eigen::internal::imag_retval<Eigen::internal::global_math_functions_filtering_base<Scalar, void>::type>::type Eigen::numext::imag(const Scalar &) [with Scalar=std::complex<float>]" 
  C:\src\vcpkg\installed\x64-windows\include\eigen3\Eigen\src/Core/arch/CUDA/Complex.h(234): here
  
C:\src\vcpkg\installed\x64-windows\include\eigen3\Eigen\src/Core/arch/CUDA/Complex.h(58): warning #20015-D: calling a constexpr __host__ function from a __host__ __device__ function is not allowed. The experimental flag '--expt-relaxed-constexpr' can be used to allow this.
            detected during instantiation of "std::complex<T> Eigen::complex_operator_detail::complex_multiply(const std::complex<T> &, const std::complex<T> &) [with T=float]" 
  (234): here
  
C:\src\vcpkg\installed\x64-windows\include\eigen3\Eigen\src/Core/arch/CUDA/Complex.h(71): warning #20015-D: calling a constexpr __host__ function from a __host__ __device__ function is not allowed. The experimental flag '--expt-relaxed-constexpr' can be used to allow this.
            detected during:
              instantiation of "std::complex<T> Eigen::complex_operator_detail::complex_divide_fast(const std::complex<T> &, const std::complex<T> &) [with T=float]" 
  (96): here
              instantiation of "std::complex<T> Eigen::complex_operator_detail::complex_divide(const std::complex<T> &, const std::complex<T> &) [with T=float]" 
  (234): here
  
C:\src\vcpkg\installed\x64-windows\include\eigen3\Eigen\src/Core/MathFunctions.h(110): warning #20013-D: calling a constexpr __host__ function("real") from a __host__ __device__ function("run") is not allowed. The experimental flag '--expt-relaxed-constexpr' can be used to allow this.
            detected during:
              instantiation of "T Eigen::internal::real_impl<std::complex<T>>::run(const std::complex<T> &) [with T=double]" 
  (1232): here
              instantiation of "Eigen::internal::real_retval<Eigen::internal::global_math_functions_filtering_base<Scalar, void>::type>::type Eigen::numext::real(const Scalar &) [with Scalar=std::complex<double>]" 
  C:\src\vcpkg\installed\x64-windows\include\eigen3\Eigen\src/Core/arch/CUDA/Complex.h(235): here
  
C:\src\vcpkg\installed\x64-windows\include\eigen3\Eigen\src/Core/MathFunctions.h(110): warning #20015-D: calling a constexpr __host__ function from a __host__ __device__ function is not allowed. The experimental flag '--expt-relaxed-constexpr' can be used to allow this.
            detected during:
              instantiation of "T Eigen::internal::real_impl<std::complex<T>>::run(const std::complex<T> &) [with T=double]" 
  (1232): here
              instantiation of "Eigen::internal::real_retval<Eigen::internal::global_math_functions_filtering_base<Scalar, void>::type>::type Eigen::numext::real(const Scalar &) [with Scalar=std::complex<double>]" 
  C:\src\vcpkg\installed\x64-windows\include\eigen3\Eigen\src/Core/arch/CUDA/Complex.h(235): here
  
C:\src\vcpkg\installed\x64-windows\include\eigen3\Eigen\src/Core/MathFunctions.h(158): warning #20013-D: calling a constexpr __host__ function("imag") from a __host__ __device__ function("run") is not allowed. The experimental flag '--expt-relaxed-constexpr' can be used to allow this.
            detected during:
              instantiation of "T Eigen::internal::imag_impl<std::complex<T>>::run(const std::complex<T> &) [with T=double]" 
  (1253): here
              instantiation of "Eigen::internal::imag_retval<Eigen::internal::global_math_functions_filtering_base<Scalar, void>::type>::type Eigen::numext::imag(const Scalar &) [with Scalar=std::complex<double>]" 
  C:\src\vcpkg\installed\x64-windows\include\eigen3\Eigen\src/Core/arch/CUDA/Complex.h(235): here
  
C:\src\vcpkg\installed\x64-windows\include\eigen3\Eigen\src/Core/MathFunctions.h(158): warning #20015-D: calling a constexpr __host__ function from a __host__ __device__ function is not allowed. The experimental flag '--expt-relaxed-constexpr' can be used to allow this.
            detected during:
              instantiation of "T Eigen::internal::imag_impl<std::complex<T>>::run(const std::complex<T> &) [with T=double]" 
  (1253): here
              instantiation of "Eigen::internal::imag_retval<Eigen::internal::global_math_functions_filtering_base<Scalar, void>::type>::type Eigen::numext::imag(const Scalar &) [with Scalar=std::complex<double>]" 
  C:\src\vcpkg\installed\x64-windows\include\eigen3\Eigen\src/Core/arch/CUDA/Complex.h(235): here
  
C:\src\vcpkg\installed\x64-windows\include\eigen3\Eigen\src/Core/arch/CUDA/Complex.h(58): warning #20015-D: calling a constexpr __host__ function from a __host__ __device__ function is not allowed. The experimental flag '--expt-relaxed-constexpr' can be used to allow this.
            detected during instantiation of "std::complex<T> Eigen::complex_operator_detail::complex_multiply(const std::complex<T> &, const std::complex<T> &) [with T=double]" 
  (235): here
  
C:\src\vcpkg\installed\x64-windows\include\eigen3\Eigen\src/Core/arch/CUDA/Complex.h(71): warning #20015-D: calling a constexpr __host__ function from a __host__ __device__ function is not allowed. The experimental flag '--expt-relaxed-constexpr' can be used to allow this.
            detected during:
              instantiation of "std::complex<T> Eigen::complex_operator_detail::complex_divide_fast(const std::complex<T> &, const std::complex<T> &) [with T=double]" 
  (96): here
              instantiation of "std::complex<T> Eigen::complex_operator_detail::complex_divide(const std::complex<T> &, const std::complex<T> &) [with T=double]" 
  (235): here
  
E:\CS275\CUDA_stable_fluids\Stable_fluids\Stable_fluids\main.cu(15): warning #177-D: variable "NUM_THREADS" was declared but never referenced
  
  main.cu
  tmpxft_00004354_00000000-7_main.cudafe1.cpp
C:\src\vcpkg\installed\x64-windows\include\eigen3\Eigen\src/Core/util/DisableStupidWarnings.h(77): warning C4068: 未知的杂注“diag_suppress”
C:\src\vcpkg\installed\x64-windows\include\eigen3\Eigen\src/Core/util/DisableStupidWarnings.h(79): warning C4068: 未知的杂注“diag_suppress”
C:\src\vcpkg\installed\x64-windows\include\eigen3\Eigen\src/Core/util/DisableStupidWarnings.h(81): warning C4068: 未知的杂注“diag_suppress”
C:\src\vcpkg\installed\x64-windows\include\eigen3\Eigen\src/Core/util/DisableStupidWarnings.h(83): warning C4068: 未知的杂注“diag_suppress”
C:\src\vcpkg\installed\x64-windows\include\eigen3\Eigen\src/Core/util/DisableStupidWarnings.h(85): warning C4068: 未知的杂注“diag_suppress”
C:\src\vcpkg\installed\x64-windows\include\eigen3\Eigen\src/Core/util/DisableStupidWarnings.h(86): warning C4068: 未知的杂注“diag_suppress”
C:\src\vcpkg\installed\x64-windows\include\eigen3\Eigen\src/Core/util/DisableStupidWarnings.h(87): warning C4068: 未知的杂注“diag_suppress”
C:\src\vcpkg\installed\x64-windows\include\eigen3\Eigen\src/Core/util/DisableStupidWarnings.h(88): warning C4068: 未知的杂注“diag_suppress”
C:\src\vcpkg\installed\x64-windows\include\eigen3\Eigen\src/Core/util/DisableStupidWarnings.h(89): warning C4068: 未知的杂注“diag_suppress”
C:\src\vcpkg\installed\x64-windows\include\eigen3\Eigen\src/Core/util/DisableStupidWarnings.h(90): warning C4068: 未知的杂注“diag_suppress”
C:\src\vcpkg\installed\x64-windows\include\eigen3\Eigen\src/Core/util/DisableStupidWarnings.h(91): warning C4068: 未知的杂注“diag_suppress”
C:\src\vcpkg\installed\x64-windows\include\eigen3\Eigen\src/Core/util/DisableStupidWarnings.h(92): warning C4068: 未知的杂注“diag_suppress”
C:\src\vcpkg\installed\x64-windows\include\eigen3\Eigen\src/Core/util/DisableStupidWarnings.h(93): warning C4068: 未知的杂注“diag_suppress”
C:\src\vcpkg\installed\x64-windows\include\eigen3\Eigen\src/Core/util/DisableStupidWarnings.h(94): warning C4068: 未知的杂注“diag_suppress”
C:\src\vcpkg\installed\x64-windows\include\eigen3\Eigen\src/Core/util/DisableStupidWarnings.h(95): warning C4068: 未知的杂注“diag_suppress”
C:\src\vcpkg\installed\x64-windows\include\eigen3\Eigen\src/Core/util/DisableStupidWarnings.h(77): warning C4068: 未知的杂注“diag_suppress”
C:\src\vcpkg\installed\x64-windows\include\eigen3\Eigen\src/Core/util/DisableStupidWarnings.h(79): warning C4068: 未知的杂注“diag_suppress”
C:\src\vcpkg\installed\x64-windows\include\eigen3\Eigen\src/Core/util/DisableStupidWarnings.h(81): warning C4068: 未知的杂注“diag_suppress”
C:\src\vcpkg\installed\x64-windows\include\eigen3\Eigen\src/Core/util/DisableStupidWarnings.h(83): warning C4068: 未知的杂注“diag_suppress”
C:\src\vcpkg\installed\x64-windows\include\eigen3\Eigen\src/Core/util/DisableStupidWarnings.h(85): warning C4068: 未知的杂注“diag_suppress”
C:\src\vcpkg\installed\x64-windows\include\eigen3\Eigen\src/Core/util/DisableStupidWarnings.h(86): warning C4068: 未知的杂注“diag_suppress”
C:\src\vcpkg\installed\x64-windows\include\eigen3\Eigen\src/Core/util/DisableStupidWarnings.h(87): warning C4068: 未知的杂注“diag_suppress”
C:\src\vcpkg\installed\x64-windows\include\eigen3\Eigen\src/Core/util/DisableStupidWarnings.h(88): warning C4068: 未知的杂注“diag_suppress”
C:\src\vcpkg\installed\x64-windows\include\eigen3\Eigen\src/Core/util/DisableStupidWarnings.h(89): warning C4068: 未知的杂注“diag_suppress”
C:\src\vcpkg\installed\x64-windows\include\eigen3\Eigen\src/Core/util/DisableStupidWarnings.h(90): warning C4068: 未知的杂注“diag_suppress”
C:\src\vcpkg\installed\x64-windows\include\eigen3\Eigen\src/Core/util/DisableStupidWarnings.h(91): warning C4068: 未知的杂注“diag_suppress”
C:\src\vcpkg\installed\x64-windows\include\eigen3\Eigen\src/Core/util/DisableStupidWarnings.h(92): warning C4068: 未知的杂注“diag_suppress”
C:\src\vcpkg\installed\x64-windows\include\eigen3\Eigen\src/Core/util/DisableStupidWarnings.h(93): warning C4068: 未知的杂注“diag_suppress”
C:\src\vcpkg\installed\x64-windows\include\eigen3\Eigen\src/Core/util/DisableStupidWarnings.h(94): warning C4068: 未知的杂注“diag_suppress”
C:\src\vcpkg\installed\x64-windows\include\eigen3\Eigen\src/Core/util/DisableStupidWarnings.h(95): warning C4068: 未知的杂注“diag_suppress”
C:\src\vcpkg\installed\x64-windows\include\eigen3\Eigen\src/Core/util/DisableStupidWarnings.h(77): warning C4068: 未知的杂注“diag_suppress”
C:\src\vcpkg\installed\x64-windows\include\eigen3\Eigen\src/Core/util/DisableStupidWarnings.h(79): warning C4068: 未知的杂注“diag_suppress”
C:\src\vcpkg\installed\x64-windows\include\eigen3\Eigen\src/Core/util/DisableStupidWarnings.h(81): warning C4068: 未知的杂注“diag_suppress”
C:\src\vcpkg\installed\x64-windows\include\eigen3\Eigen\src/Core/util/DisableStupidWarnings.h(83): warning C4068: 未知的杂注“diag_suppress”
C:\src\vcpkg\installed\x64-windows\include\eigen3\Eigen\src/Core/util/DisableStupidWarnings.h(85): warning C4068: 未知的杂注“diag_suppress”
C:\src\vcpkg\installed\x64-windows\include\eigen3\Eigen\src/Core/util/DisableStupidWarnings.h(86): warning C4068: 未知的杂注“diag_suppress”
C:\src\vcpkg\installed\x64-windows\include\eigen3\Eigen\src/Core/util/DisableStupidWarnings.h(87): warning C4068: 未知的杂注“diag_suppress”
C:\src\vcpkg\installed\x64-windows\include\eigen3\Eigen\src/Core/util/DisableStupidWarnings.h(88): warning C4068: 未知的杂注“diag_suppress”
C:\src\vcpkg\installed\x64-windows\include\eigen3\Eigen\src/Core/util/DisableStupidWarnings.h(89): warning C4068: 未知的杂注“diag_suppress”
C:\src\vcpkg\installed\x64-windows\include\eigen3\Eigen\src/Core/util/DisableStupidWarnings.h(90): warning C4068: 未知的杂注“diag_suppress”
C:\src\vcpkg\installed\x64-windows\include\eigen3\Eigen\src/Core/util/DisableStupidWarnings.h(91): warning C4068: 未知的杂注“diag_suppress”
C:\src\vcpkg\installed\x64-windows\include\eigen3\Eigen\src/Core/util/DisableStupidWarnings.h(92): warning C4068: 未知的杂注“diag_suppress”
C:\src\vcpkg\installed\x64-windows\include\eigen3\Eigen\src/Core/util/DisableStupidWarnings.h(93): warning C4068: 未知的杂注“diag_suppress”
C:\src\vcpkg\installed\x64-windows\include\eigen3\Eigen\src/Core/util/DisableStupidWarnings.h(94): warning C4068: 未知的杂注“diag_suppress”
C:\src\vcpkg\installed\x64-windows\include\eigen3\Eigen\src/Core/util/DisableStupidWarnings.h(95): warning C4068: 未知的杂注“diag_suppress”
C:\src\vcpkg\installed\x64-windows\include\eigen3\Eigen\src/Core/util/DisableStupidWarnings.h(77): warning C4068: 未知的杂注“diag_suppress”
C:\src\vcpkg\installed\x64-windows\include\eigen3\Eigen\src/Core/util/DisableStupidWarnings.h(79): warning C4068: 未知的杂注“diag_suppress”
C:\src\vcpkg\installed\x64-windows\include\eigen3\Eigen\src/Core/util/DisableStupidWarnings.h(81): warning C4068: 未知的杂注“diag_suppress”
C:\src\vcpkg\installed\x64-windows\include\eigen3\Eigen\src/Core/util/DisableStupidWarnings.h(83): warning C4068: 未知的杂注“diag_suppress”
C:\src\vcpkg\installed\x64-windows\include\eigen3\Eigen\src/Core/util/DisableStupidWarnings.h(85): warning C4068: 未知的杂注“diag_suppress”
C:\src\vcpkg\installed\x64-windows\include\eigen3\Eigen\src/Core/util/DisableStupidWarnings.h(86): warning C4068: 未知的杂注“diag_suppress”
C:\src\vcpkg\installed\x64-windows\include\eigen3\Eigen\src/Core/util/DisableStupidWarnings.h(87): warning C4068: 未知的杂注“diag_suppress”
C:\src\vcpkg\installed\x64-windows\include\eigen3\Eigen\src/Core/util/DisableStupidWarnings.h(88): warning C4068: 未知的杂注“diag_suppress”
C:\src\vcpkg\installed\x64-windows\include\eigen3\Eigen\src/Core/util/DisableStupidWarnings.h(89): warning C4068: 未知的杂注“diag_suppress”
C:\src\vcpkg\installed\x64-windows\include\eigen3\Eigen\src/Core/util/DisableStupidWarnings.h(90): warning C4068: 未知的杂注“diag_suppress”
C:\src\vcpkg\installed\x64-windows\include\eigen3\Eigen\src/Core/util/DisableStupidWarnings.h(91): warning C4068: 未知的杂注“diag_suppress”
C:\src\vcpkg\installed\x64-windows\include\eigen3\Eigen\src/Core/util/DisableStupidWarnings.h(92): warning C4068: 未知的杂注“diag_suppress”
C:\src\vcpkg\installed\x64-windows\include\eigen3\Eigen\src/Core/util/DisableStupidWarnings.h(93): warning C4068: 未知的杂注“diag_suppress”
C:\src\vcpkg\installed\x64-windows\include\eigen3\Eigen\src/Core/util/DisableStupidWarnings.h(94): warning C4068: 未知的杂注“diag_suppress”
C:\src\vcpkg\installed\x64-windows\include\eigen3\Eigen\src/Core/util/DisableStupidWarnings.h(95): warning C4068: 未知的杂注“diag_suppress”
C:\src\vcpkg\installed\x64-windows\include\eigen3\Eigen\src/Core/util/DisableStupidWarnings.h(77): warning C4068: 未知的杂注“diag_suppress”
C:\src\vcpkg\installed\x64-windows\include\eigen3\Eigen\src/Core/util/DisableStupidWarnings.h(79): warning C4068: 未知的杂注“diag_suppress”
C:\src\vcpkg\installed\x64-windows\include\eigen3\Eigen\src/Core/util/DisableStupidWarnings.h(81): warning C4068: 未知的杂注“diag_suppress”
C:\src\vcpkg\installed\x64-windows\include\eigen3\Eigen\src/Core/util/DisableStupidWarnings.h(83): warning C4068: 未知的杂注“diag_suppress”
C:\src\vcpkg\installed\x64-windows\include\eigen3\Eigen\src/Core/util/DisableStupidWarnings.h(85): warning C4068: 未知的杂注“diag_suppress”
C:\src\vcpkg\installed\x64-windows\include\eigen3\Eigen\src/Core/util/DisableStupidWarnings.h(86): warning C4068: 未知的杂注“diag_suppress”
C:\src\vcpkg\installed\x64-windows\include\eigen3\Eigen\src/Core/util/DisableStupidWarnings.h(87): warning C4068: 未知的杂注“diag_suppress”
C:\src\vcpkg\installed\x64-windows\include\eigen3\Eigen\src/Core/util/DisableStupidWarnings.h(88): warning C4068: 未知的杂注“diag_suppress”
C:\src\vcpkg\installed\x64-windows\include\eigen3\Eigen\src/Core/util/DisableStupidWarnings.h(89): warning C4068: 未知的杂注“diag_suppress”
C:\src\vcpkg\installed\x64-windows\include\eigen3\Eigen\src/Core/util/DisableStupidWarnings.h(90): warning C4068: 未知的杂注“diag_suppress”
C:\src\vcpkg\installed\x64-windows\include\eigen3\Eigen\src/Core/util/DisableStupidWarnings.h(91): warning C4068: 未知的杂注“diag_suppress”
C:\src\vcpkg\installed\x64-windows\include\eigen3\Eigen\src/Core/util/DisableStupidWarnings.h(92): warning C4068: 未知的杂注“diag_suppress”
C:\src\vcpkg\installed\x64-windows\include\eigen3\Eigen\src/Core/util/DisableStupidWarnings.h(93): warning C4068: 未知的杂注“diag_suppress”
C:\src\vcpkg\installed\x64-windows\include\eigen3\Eigen\src/Core/util/DisableStupidWarnings.h(94): warning C4068: 未知的杂注“diag_suppress”
C:\src\vcpkg\installed\x64-windows\include\eigen3\Eigen\src/Core/util/DisableStupidWarnings.h(95): warning C4068: 未知的杂注“diag_suppress”
C:\src\vcpkg\installed\x64-windows\include\eigen3\Eigen\src/Core/util/DisableStupidWarnings.h(77): warning C4068: 未知的杂注“diag_suppress”
C:\src\vcpkg\installed\x64-windows\include\eigen3\Eigen\src/Core/util/DisableStupidWarnings.h(79): warning C4068: 未知的杂注“diag_suppress”
C:\src\vcpkg\installed\x64-windows\include\eigen3\Eigen\src/Core/util/DisableStupidWarnings.h(81): warning C4068: 未知的杂注“diag_suppress”
C:\src\vcpkg\installed\x64-windows\include\eigen3\Eigen\src/Core/util/DisableStupidWarnings.h(83): warning C4068: 未知的杂注“diag_suppress”
C:\src\vcpkg\installed\x64-windows\include\eigen3\Eigen\src/Core/util/DisableStupidWarnings.h(85): warning C4068: 未知的杂注“diag_suppress”
C:\src\vcpkg\installed\x64-windows\include\eigen3\Eigen\src/Core/util/DisableStupidWarnings.h(86): warning C4068: 未知的杂注“diag_suppress”
C:\src\vcpkg\installed\x64-windows\include\eigen3\Eigen\src/Core/util/DisableStupidWarnings.h(87): warning C4068: 未知的杂注“diag_suppress”
C:\src\vcpkg\installed\x64-windows\include\eigen3\Eigen\src/Core/util/DisableStupidWarnings.h(88): warning C4068: 未知的杂注“diag_suppress”
C:\src\vcpkg\installed\x64-windows\include\eigen3\Eigen\src/Core/util/DisableStupidWarnings.h(89): warning C4068: 未知的杂注“diag_suppress”
C:\src\vcpkg\installed\x64-windows\include\eigen3\Eigen\src/Core/util/DisableStupidWarnings.h(90): warning C4068: 未知的杂注“diag_suppress”
C:\src\vcpkg\installed\x64-windows\include\eigen3\Eigen\src/Core/util/DisableStupidWarnings.h(91): warning C4068: 未知的杂注“diag_suppress”
C:\src\vcpkg\installed\x64-windows\include\eigen3\Eigen\src/Core/util/DisableStupidWarnings.h(92): warning C4068: 未知的杂注“diag_suppress”
C:\src\vcpkg\installed\x64-windows\include\eigen3\Eigen\src/Core/util/DisableStupidWarnings.h(93): warning C4068: 未知的杂注“diag_suppress”
C:\src\vcpkg\installed\x64-windows\include\eigen3\Eigen\src/Core/util/DisableStupidWarnings.h(94): warning C4068: 未知的杂注“diag_suppress”
C:\src\vcpkg\installed\x64-windows\include\eigen3\Eigen\src/Core/util/DisableStupidWarnings.h(95): warning C4068: 未知的杂注“diag_suppress”
C:\src\vcpkg\installed\x64-windows\include\eigen3\Eigen\src/Core/util/DisableStupidWarnings.h(77): warning C4068: 未知的杂注“diag_suppress”
C:\src\vcpkg\installed\x64-windows\include\eigen3\Eigen\src/Core/util/DisableStupidWarnings.h(79): warning C4068: 未知的杂注“diag_suppress”
C:\src\vcpkg\installed\x64-windows\include\eigen3\Eigen\src/Core/util/DisableStupidWarnings.h(81): warning C4068: 未知的杂注“diag_suppress”
C:\src\vcpkg\installed\x64-windows\include\eigen3\Eigen\src/Core/util/DisableStupidWarnings.h(83): warning C4068: 未知的杂注“diag_suppress”
C:\src\vcpkg\installed\x64-windows\include\eigen3\Eigen\src/Core/util/DisableStupidWarnings.h(85): warning C4068: 未知的杂注“diag_suppress”
C:\src\vcpkg\installed\x64-windows\include\eigen3\Eigen\src/Core/util/DisableStupidWarnings.h(86): warning C4068: 未知的杂注“diag_suppress”
C:\src\vcpkg\installed\x64-windows\include\eigen3\Eigen\src/Core/util/DisableStupidWarnings.h(87): warning C4068: 未知的杂注“diag_suppress”
C:\src\vcpkg\installed\x64-windows\include\eigen3\Eigen\src/Core/util/DisableStupidWarnings.h(88): warning C4068: 未知的杂注“diag_suppress”
C:\src\vcpkg\installed\x64-windows\include\eigen3\Eigen\src/Core/util/DisableStupidWarnings.h(89): warning C4068: 未知的杂注“diag_suppress”
C:\src\vcpkg\installed\x64-windows\include\eigen3\Eigen\src/Core/util/DisableStupidWarnings.h(90): warning C4068: 未知的杂注“diag_suppress”
C:\src\vcpkg\installed\x64-windows\include\eigen3\Eigen\src/Core/util/DisableStupidWarnings.h(91): warning C4068: 未知的杂注“diag_suppress”
C:\src\vcpkg\installed\x64-windows\include\eigen3\Eigen\src/Core/util/DisableStupidWarnings.h(92): warning C4068: 未知的杂注“diag_suppress”
C:\src\vcpkg\installed\x64-windows\include\eigen3\Eigen\src/Core/util/DisableStupidWarnings.h(93): warning C4068: 未知的杂注“diag_suppress”
C:\src\vcpkg\installed\x64-windows\include\eigen3\Eigen\src/Core/util/DisableStupidWarnings.h(94): warning C4068: 未知的杂注“diag_suppress”
C:\src\vcpkg\installed\x64-windows\include\eigen3\Eigen\src/Core/util/DisableStupidWarnings.h(95): warning C4068: 未知的杂注“diag_suppress”
C:\src\vcpkg\installed\x64-windows\include\eigen3\Eigen\src/Core/util/DisableStupidWarnings.h(77): warning C4068: 未知的杂注“diag_suppress”
C:\src\vcpkg\installed\x64-windows\include\eigen3\Eigen\src/Core/util/DisableStupidWarnings.h(79): warning C4068: 未知的杂注“diag_suppress”
C:\src\vcpkg\installed\x64-windows\include\eigen3\Eigen\src/Core/util/DisableStupidWarnings.h(81): warning C4068: 未知的杂注“diag_suppress”
C:\src\vcpkg\installed\x64-windows\include\eigen3\Eigen\src/Core/util/DisableStupidWarnings.h(83): warning C4068: 未知的杂注“diag_suppress”
C:\src\vcpkg\installed\x64-windows\include\eigen3\Eigen\src/Core/util/DisableStupidWarnings.h(85): warning C4068: 未知的杂注“diag_suppress”
C:\src\vcpkg\installed\x64-windows\include\eigen3\Eigen\src/Core/util/DisableStupidWarnings.h(86): warning C4068: 未知的杂注“diag_suppress”
C:\src\vcpkg\installed\x64-windows\include\eigen3\Eigen\src/Core/util/DisableStupidWarnings.h(87): warning C4068: 未知的杂注“diag_suppress”
C:\src\vcpkg\installed\x64-windows\include\eigen3\Eigen\src/Core/util/DisableStupidWarnings.h(88): warning C4068: 未知的杂注“diag_suppress”
C:\src\vcpkg\installed\x64-windows\include\eigen3\Eigen\src/Core/util/DisableStupidWarnings.h(89): warning C4068: 未知的杂注“diag_suppress”
C:\src\vcpkg\installed\x64-windows\include\eigen3\Eigen\src/Core/util/DisableStupidWarnings.h(90): warning C4068: 未知的杂注“diag_suppress”
C:\src\vcpkg\installed\x64-windows\include\eigen3\Eigen\src/Core/util/DisableStupidWarnings.h(91): warning C4068: 未知的杂注“diag_suppress”
C:\src\vcpkg\installed\x64-windows\include\eigen3\Eigen\src/Core/util/DisableStupidWarnings.h(92): warning C4068: 未知的杂注“diag_suppress”
C:\src\vcpkg\installed\x64-windows\include\eigen3\Eigen\src/Core/util/DisableStupidWarnings.h(93): warning C4068: 未知的杂注“diag_suppress”
C:\src\vcpkg\installed\x64-windows\include\eigen3\Eigen\src/Core/util/DisableStupidWarnings.h(94): warning C4068: 未知的杂注“diag_suppress”
C:\src\vcpkg\installed\x64-windows\include\eigen3\Eigen\src/Core/util/DisableStupidWarnings.h(95): warning C4068: 未知的杂注“diag_suppress”
C:\src\vcpkg\installed\x64-windows\include\Eigen\src/Core/util/DisableStupidWarnings.h(77): warning C4068: 未知的杂注“diag_suppress”
C:\src\vcpkg\installed\x64-windows\include\Eigen\src/Core/util/DisableStupidWarnings.h(79): warning C4068: 未知的杂注“diag_suppress”
C:\src\vcpkg\installed\x64-windows\include\Eigen\src/Core/util/DisableStupidWarnings.h(81): warning C4068: 未知的杂注“diag_suppress”
C:\src\vcpkg\installed\x64-windows\include\Eigen\src/Core/util/DisableStupidWarnings.h(83): warning C4068: 未知的杂注“diag_suppress”
C:\src\vcpkg\installed\x64-windows\include\Eigen\src/Core/util/DisableStupidWarnings.h(85): warning C4068: 未知的杂注“diag_suppress”
C:\src\vcpkg\installed\x64-windows\include\Eigen\src/Core/util/DisableStupidWarnings.h(86): warning C4068: 未知的杂注“diag_suppress”
C:\src\vcpkg\installed\x64-windows\include\Eigen\src/Core/util/DisableStupidWarnings.h(87): warning C4068: 未知的杂注“diag_suppress”
C:\src\vcpkg\installed\x64-windows\include\Eigen\src/Core/util/DisableStupidWarnings.h(88): warning C4068: 未知的杂注“diag_suppress”
C:\src\vcpkg\installed\x64-windows\include\Eigen\src/Core/util/DisableStupidWarnings.h(89): warning C4068: 未知的杂注“diag_suppress”
C:\src\vcpkg\installed\x64-windows\include\Eigen\src/Core/util/DisableStupidWarnings.h(90): warning C4068: 未知的杂注“diag_suppress”
C:\src\vcpkg\installed\x64-windows\include\Eigen\src/Core/util/DisableStupidWarnings.h(91): warning C4068: 未知的杂注“diag_suppress”
C:\src\vcpkg\installed\x64-windows\include\Eigen\src/Core/util/DisableStupidWarnings.h(92): warning C4068: 未知的杂注“diag_suppress”
C:\src\vcpkg\installed\x64-windows\include\Eigen\src/Core/util/DisableStupidWarnings.h(93): warning C4068: 未知的杂注“diag_suppress”
C:\src\vcpkg\installed\x64-windows\include\Eigen\src/Core/util/DisableStupidWarnings.h(94): warning C4068: 未知的杂注“diag_suppress”
C:\src\vcpkg\installed\x64-windows\include\Eigen\src/Core/util/DisableStupidWarnings.h(95): warning C4068: 未知的杂注“diag_suppress”
C:\src\vcpkg\installed\x64-windows\include\Eigen\src/Core/util/DisableStupidWarnings.h(77): warning C4068: 未知的杂注“diag_suppress”
C:\src\vcpkg\installed\x64-windows\include\Eigen\src/Core/util/DisableStupidWarnings.h(79): warning C4068: 未知的杂注“diag_suppress”
C:\src\vcpkg\installed\x64-windows\include\Eigen\src/Core/util/DisableStupidWarnings.h(81): warning C4068: 未知的杂注“diag_suppress”
C:\src\vcpkg\installed\x64-windows\include\Eigen\src/Core/util/DisableStupidWarnings.h(83): warning C4068: 未知的杂注“diag_suppress”
C:\src\vcpkg\installed\x64-windows\include\Eigen\src/Core/util/DisableStupidWarnings.h(85): warning C4068: 未知的杂注“diag_suppress”
C:\src\vcpkg\installed\x64-windows\include\Eigen\src/Core/util/DisableStupidWarnings.h(86): warning C4068: 未知的杂注“diag_suppress”
C:\src\vcpkg\installed\x64-windows\include\Eigen\src/Core/util/DisableStupidWarnings.h(87): warning C4068: 未知的杂注“diag_suppress”
C:\src\vcpkg\installed\x64-windows\include\Eigen\src/Core/util/DisableStupidWarnings.h(88): warning C4068: 未知的杂注“diag_suppress”
C:\src\vcpkg\installed\x64-windows\include\Eigen\src/Core/util/DisableStupidWarnings.h(89): warning C4068: 未知的杂注“diag_suppress”
C:\src\vcpkg\installed\x64-windows\include\Eigen\src/Core/util/DisableStupidWarnings.h(90): warning C4068: 未知的杂注“diag_suppress”
C:\src\vcpkg\installed\x64-windows\include\Eigen\src/Core/util/DisableStupidWarnings.h(91): warning C4068: 未知的杂注“diag_suppress”
C:\src\vcpkg\installed\x64-windows\include\Eigen\src/Core/util/DisableStupidWarnings.h(92): warning C4068: 未知的杂注“diag_suppress”
C:\src\vcpkg\installed\x64-windows\include\Eigen\src/Core/util/DisableStupidWarnings.h(93): warning C4068: 未知的杂注“diag_suppress”
C:\src\vcpkg\installed\x64-windows\include\Eigen\src/Core/util/DisableStupidWarnings.h(94): warning C4068: 未知的杂注“diag_suppress”
C:\src\vcpkg\installed\x64-windows\include\Eigen\src/Core/util/DisableStupidWarnings.h(95): warning C4068: 未知的杂注“diag_suppress”
C:\src\vcpkg\installed\x64-windows\include\Eigen\src/Core/util/DisableStupidWarnings.h(77): warning C4068: 未知的杂注“diag_suppress”
C:\src\vcpkg\installed\x64-windows\include\Eigen\src/Core/util/DisableStupidWarnings.h(79): warning C4068: 未知的杂注“diag_suppress”
C:\src\vcpkg\installed\x64-windows\include\Eigen\src/Core/util/DisableStupidWarnings.h(81): warning C4068: 未知的杂注“diag_suppress”
C:\src\vcpkg\installed\x64-windows\include\Eigen\src/Core/util/DisableStupidWarnings.h(83): warning C4068: 未知的杂注“diag_suppress”
C:\src\vcpkg\installed\x64-windows\include\Eigen\src/Core/util/DisableStupidWarnings.h(85): warning C4068: 未知的杂注“diag_suppress”
C:\src\vcpkg\installed\x64-windows\include\Eigen\src/Core/util/DisableStupidWarnings.h(86): warning C4068: 未知的杂注“diag_suppress”
C:\src\vcpkg\installed\x64-windows\include\Eigen\src/Core/util/DisableStupidWarnings.h(87): warning C4068: 未知的杂注“diag_suppress”
C:\src\vcpkg\installed\x64-windows\include\Eigen\src/Core/util/DisableStupidWarnings.h(88): warning C4068: 未知的杂注“diag_suppress”
C:\src\vcpkg\installed\x64-windows\include\Eigen\src/Core/util/DisableStupidWarnings.h(89): warning C4068: 未知的杂注“diag_suppress”
C:\src\vcpkg\installed\x64-windows\include\Eigen\src/Core/util/DisableStupidWarnings.h(90): warning C4068: 未知的杂注“diag_suppress”
C:\src\vcpkg\installed\x64-windows\include\Eigen\src/Core/util/DisableStupidWarnings.h(91): warning C4068: 未知的杂注“diag_suppress”
C:\src\vcpkg\installed\x64-windows\include\Eigen\src/Core/util/DisableStupidWarnings.h(92): warning C4068: 未知的杂注“diag_suppress”
C:\src\vcpkg\installed\x64-windows\include\Eigen\src/Core/util/DisableStupidWarnings.h(93): warning C4068: 未知的杂注“diag_suppress”
C:\src\vcpkg\installed\x64-windows\include\Eigen\src/Core/util/DisableStupidWarnings.h(94): warning C4068: 未知的杂注“diag_suppress”
C:\src\vcpkg\installed\x64-windows\include\Eigen\src/Core/util/DisableStupidWarnings.h(95): warning C4068: 未知的杂注“diag_suppress”
C:\src\vcpkg\installed\x64-windows\include\Eigen\src/Core/util/DisableStupidWarnings.h(77): warning C4068: 未知的杂注“diag_suppress”
C:\src\vcpkg\installed\x64-windows\include\Eigen\src/Core/util/DisableStupidWarnings.h(79): warning C4068: 未知的杂注“diag_suppress”
C:\src\vcpkg\installed\x64-windows\include\Eigen\src/Core/util/DisableStupidWarnings.h(81): warning C4068: 未知的杂注“diag_suppress”
C:\src\vcpkg\installed\x64-windows\include\Eigen\src/Core/util/DisableStupidWarnings.h(83): warning C4068: 未知的杂注“diag_suppress”
C:\src\vcpkg\installed\x64-windows\include\Eigen\src/Core/util/DisableStupidWarnings.h(85): warning C4068: 未知的杂注“diag_suppress”
C:\src\vcpkg\installed\x64-windows\include\Eigen\src/Core/util/DisableStupidWarnings.h(86): warning C4068: 未知的杂注“diag_suppress”
C:\src\vcpkg\installed\x64-windows\include\Eigen\src/Core/util/DisableStupidWarnings.h(87): warning C4068: 未知的杂注“diag_suppress”
C:\src\vcpkg\installed\x64-windows\include\Eigen\src/Core/util/DisableStupidWarnings.h(88): warning C4068: 未知的杂注“diag_suppress”
C:\src\vcpkg\installed\x64-windows\include\Eigen\src/Core/util/DisableStupidWarnings.h(89): warning C4068: 未知的杂注“diag_suppress”
C:\src\vcpkg\installed\x64-windows\include\Eigen\src/Core/util/DisableStupidWarnings.h(90): warning C4068: 未知的杂注“diag_suppress”
C:\src\vcpkg\installed\x64-windows\include\Eigen\src/Core/util/DisableStupidWarnings.h(91): warning C4068: 未知的杂注“diag_suppress”
C:\src\vcpkg\installed\x64-windows\include\Eigen\src/Core/util/DisableStupidWarnings.h(92): warning C4068: 未知的杂注“diag_suppress”
C:\src\vcpkg\installed\x64-windows\include\Eigen\src/Core/util/DisableStupidWarnings.h(93): warning C4068: 未知的杂注“diag_suppress”
C:\src\vcpkg\installed\x64-windows\include\Eigen\src/Core/util/DisableStupidWarnings.h(94): warning C4068: 未知的杂注“diag_suppress”
C:\src\vcpkg\installed\x64-windows\include\Eigen\src/Core/util/DisableStupidWarnings.h(95): warning C4068: 未知的杂注“diag_suppress”
E:\CS275\CUDA_stable_fluids\Stable_fluids\Stable_fluids\my_include\scene.hpp(43): warning C4244: “return”: 从“double”转换到“float”，可能丢失数据
E:\CS275\CUDA_stable_fluids\Stable_fluids\Stable_fluids\main.cu(675): warning C4244: “参数”: 从“double”转换到“float”，可能丢失数据
E:\CS275\CUDA_stable_fluids\Stable_fluids\Stable_fluids\main.cu(675): warning C4244: “初始化”: 从“float”转换到“int”，可能丢失数据
E:\CS275\CUDA_stable_fluids\Stable_fluids\Stable_fluids\main.cu(676): warning C4244: “参数”: 从“double”转换到“float”，可能丢失数据
E:\CS275\CUDA_stable_fluids\Stable_fluids\Stable_fluids\main.cu(676): warning C4244: “初始化”: 从“float”转换到“int”，可能丢失数据
E:\CS275\CUDA_stable_fluids\Stable_fluids\Stable_fluids\main.cu(677): warning C4244: “参数”: 从“double”转换到“float”，可能丢失数据
E:\CS275\CUDA_stable_fluids\Stable_fluids\Stable_fluids\main.cu(677): warning C4244: “初始化”: 从“float”转换到“int”，可能丢失数据
E:\CS275\CUDA_stable_fluids\Stable_fluids\Stable_fluids\main.cu(678): warning C4244: “参数”: 从“double”转换到“float”，可能丢失数据
E:\CS275\CUDA_stable_fluids\Stable_fluids\Stable_fluids\main.cu(678): warning C4244: “初始化”: 从“float”转换到“int”，可能丢失数据
E:\CS275\CUDA_stable_fluids\Stable_fluids\Stable_fluids\main.cu(1053): warning C4244: “参数”: 从“T”转换到“int”，可能丢失数据
          with
          [
              T=float
          ]
E:\CS275\CUDA_stable_fluids\Stable_fluids\Stable_fluids\main.cu(1053): warning C4244: “参数”: 从“T”转换到“int”，可能丢失数据
          with
          [
              T=float
          ]
E:\CS275\CUDA_stable_fluids\Stable_fluids\Stable_fluids\main.cu(1054): warning C4244: “参数”: 从“T”转换到“int”，可能丢失数据
          with
          [
              T=float
          ]
E:\CS275\CUDA_stable_fluids\Stable_fluids\Stable_fluids\main.cu(1054): warning C4244: “参数”: 从“T”转换到“int”，可能丢失数据
          with
          [
              T=float
          ]
  fluid.cpp
C:\src\vcpkg\installed\x64-windows\include\eigen3\Eigen\src\Core\arch\Default\Half.h(1,1): warning C4819: 该文件包含不能在当前代码页(936)中表示的字符。请将该文件保存为 Unicode 格式以防止数据丢失
C:\src\vcpkg\installed\x64-windows\include\eigen3\Eigen\src\Core\arch\Default\BFloat16.h(1,1): warning C4819: 该文件包含不能在当前代码页(936)中表示的字符。请将该文件保存为 Unicode 格式以防止数据丢失
C:\src\vcpkg\installed\x64-windows\include\eigen3\Eigen\src\Core\arch\Default\GenericPacketMathFunctions.h(676,1): warning C4819: 该文件包含不能在当前代码页(936)中表示的字符。请将该文件保存为 Unicode 格式以防止数据丢失
E:\cuda develop\include\cuda.h(19592,1): warning C4819: 该文件包含不能在当前代码页(936)中表示的字符。请将该文件保存为 Unicode 格式以防止数据丢失
E:\cuda develop\include\cuda.h(20288,1): warning C4819: 该文件包含不能在当前代码页(936)中表示的字符。请将该文件保存为 Unicode 格式以防止数据丢失
E:\CS275\CUDA_stable_fluids\Stable_fluids\Stable_fluids\my_include\scene.hpp(43,42): warning C4244: “return”: 从“double”转换到“float”，可能丢失数据
  scene.cpp
C:\src\vcpkg\installed\x64-windows\include\Eigen\src\Core\arch\Default\Half.h(1,1): warning C4819: 该文件包含不能在当前代码页(936)中表示的字符。请将该文件保存为 Unicode 格式以防止数据丢失
C:\src\vcpkg\installed\x64-windows\include\Eigen\src\Core\arch\Default\BFloat16.h(1,1): warning C4819: 该文件包含不能在当前代码页(936)中表示的字符。请将该文件保存为 Unicode 格式以防止数据丢失
C:\src\vcpkg\installed\x64-windows\include\Eigen\src\Core\arch\Default\GenericPacketMathFunctions.h(676,1): warning C4819: 该文件包含不能在当前代码页(936)中表示的字符。请将该文件保存为 Unicode 格式以防止数据丢失
E:\cuda develop\include\cuda.h(19592,1): warning C4819: 该文件包含不能在当前代码页(936)中表示的字符。请将该文件保存为 Unicode 格式以防止数据丢失
E:\cuda develop\include\cuda.h(20288,1): warning C4819: 该文件包含不能在当前代码页(936)中表示的字符。请将该文件保存为 Unicode 格式以防止数据丢失
E:\CS275\CUDA_stable_fluids\Stable_fluids\Stable_fluids\my_include\scene.hpp(43,42): warning C4244: “return”: 从“double”转换到“float”，可能丢失数据
  simulator.cpp
C:\src\vcpkg\installed\x64-windows\include\Eigen\src\Core\arch\Default\Half.h(1,1): warning C4819: 该文件包含不能在当前代码页(936)中表示的字符。请将该文件保存为 Unicode 格式以防止数据丢失
C:\src\vcpkg\installed\x64-windows\include\Eigen\src\Core\arch\Default\BFloat16.h(1,1): warning C4819: 该文件包含不能在当前代码页(936)中表示的字符。请将该文件保存为 Unicode 格式以防止数据丢失
C:\src\vcpkg\installed\x64-windows\include\Eigen\src\Core\arch\Default\GenericPacketMathFunctions.h(676,1): warning C4819: 该文件包含不能在当前代码页(936)中表示的字符。请将该文件保存为 Unicode 格式以防止数据丢失
E:\CS275\CUDA_stable_fluids\Stable_fluids\Stable_fluids\simulator.cpp(116,31): warning C4244: “+=”: 从“double”转换到“float”，可能丢失数据
E:\CS275\CUDA_stable_fluids\Stable_fluids\Stable_fluids\simulator.cpp(377,13): warning C4244: “初始化”: 从“float”转换到“int”，可能丢失数据
E:\CS275\CUDA_stable_fluids\Stable_fluids\Stable_fluids\simulator.cpp(378,14): warning C4244: “初始化”: 从“float”转换到“int”，可能丢失数据
E:\CS275\CUDA_stable_fluids\Stable_fluids\Stable_fluids\simulator.cpp(379,13): warning C4244: “初始化”: 从“float”转换到“int”，可能丢失数据
E:\CS275\CUDA_stable_fluids\Stable_fluids\Stable_fluids\simulator.cpp(380,14): warning C4244: “初始化”: 从“float”转换到“int”，可能丢失数据
    正在创建库 E:\CS275\CUDA_stable_fluids\Stable_fluids\x64\Release\Stable_fluids.lib 和对象 E:\CS275\CUDA_stable_fluids\Stable_fluids\x64\Release\Stable_fluids.exp
LINK : warning LNK4098: 默认库“LIBCMT”与其他库的使用冲突；请使用 /NODEFAULTLIB:library
  正在生成代码
  Previous IPDB and IOBJ mismatch, fall back to full compilation.
  All 416 functions were compiled because no usable IPDB/IOBJ from previous compilation was found.
  已完成代码的生成
  Stable_fluids.vcxproj -> E:\CS275\CUDA_stable_fluids\Stable_fluids\x64\Release\Stable_fluids.exe
