  Compiling CUDA source file main.cu...
  
  E:\CS275\CUDA_stable_fluids\Stable_fluids\Stable_fluids>"E:\cuda develop\bin\nvcc.exe" -gencode=arch=compute_52,code=\"sm_52,compute_52\" --use-local-env -ccbin "E:\visual studio ide\VC\Tools\MSVC\14.34.31933\bin\HostX64\x64" -x cu   -I"E:\cuda develop\include" -I"C:\src\vcpkg\installed\x64-windows\include" -I"E:\cuda develop\include"  -G   --keep-dir x64\Debug  -maxrregcount=0  --machine 64 --compile -cudart static  -g  -DWIN32 -DWIN64 -D_DEBUG -D_CONSOLE -D_MBCS -Xcompiler "/EHsc /W3 /nologo /Od /FS /Zi /RTC1 /MDd " -Xcompiler "/Fdx64\Debug\vc143.pdb" -o E:\CS275\CUDA_stable_fluids\Stable_fluids\Stable_fluids\x64\Debug\main.cu.obj "E:\CS275\CUDA_stable_fluids\Stable_fluids\Stable_fluids\main.cu" 
E:\cuda develop\include\cuda.h(19592): warning C4819: 该文件包含不能在当前代码页(936)中表示的字符。请将该文件保存为 Unicode 格式以防止数据丢失
E:\cuda develop\include\cuda.h(20288): warning C4819: 该文件包含不能在当前代码页(936)中表示的字符。请将该文件保存为 Unicode 格式以防止数据丢失
C:\src\vcpkg\installed\x64-windows\include\eigen3\Eigen\src/Core/arch/Default/Half.h(1): warning C4819: 该文件包含不能在当前代码页(936)中表示的字符。请将该文件保存为 Unicode 格式以防止数据丢失
C:\src\vcpkg\installed\x64-windows\include\eigen3\Eigen\src/Core/arch/Default/BFloat16.h(1): warning C4819: 该文件包含不能在当前代码页(936)中表示的字符。请将该文件保存为 Unicode 格式以防止数据丢失
C:\src\vcpkg\installed\x64-windows\include\eigen3\Eigen\src/Core/arch/GPU/PacketMath.h(1): warning C4819: 该文件包含不能在当前代码页(936)中表示的字符。请将该文件保存为 Unicode 格式以防止数据丢失
C:\src\vcpkg\installed\x64-windows\include\eigen3\Eigen\src/Core/arch/Default/GenericPacketMathFunctions.h(676): warning C4819: 该文件包含不能在当前代码页(936)中表示的字符。请将该文件保存为 Unicode 格式以防止数据丢失
C:\src\vcpkg\installed\x64-windows\include\glm\ext\../detail/type_vec2.hpp(94): warning #20012-D: __device__ annotation is ignored on a function("vec") that is explicitly defaulted on its first declaration
  
  Remark: The warnings can be suppressed with "-diag-suppress <warning-number>"
  
C:\src\vcpkg\installed\x64-windows\include\glm\ext\../detail/type_vec2.hpp(94): warning #20012-D: __host__ annotation is ignored on a function("vec") that is explicitly defaulted on its first declaration
  
C:\src\vcpkg\installed\x64-windows\include\glm\ext\../detail/type_vec2.hpp(95): warning #20012-D: __device__ annotation is ignored on a function("vec") that is explicitly defaulted on its first declaration
  
C:\src\vcpkg\installed\x64-windows\include\glm\ext\../detail/type_vec2.hpp(95): warning #20012-D: __host__ annotation is ignored on a function("vec") that is explicitly defaulted on its first declaration
  
C:\src\vcpkg\installed\x64-windows\include\glm\ext\../detail/type_vec2.hpp(143): warning #20012-D: __device__ annotation is ignored on a function("operator=") that is explicitly defaulted on its first declaration
  
C:\src\vcpkg\installed\x64-windows\include\glm\ext\../detail/type_vec2.hpp(143): warning #20012-D: __host__ annotation is ignored on a function("operator=") that is explicitly defaulted on its first declaration
  
C:\src\vcpkg\installed\x64-windows\include\glm\ext\../detail/type_vec3.hpp(98): warning #20012-D: __device__ annotation is ignored on a function("vec") that is explicitly defaulted on its first declaration
  
C:\src\vcpkg\installed\x64-windows\include\glm\ext\../detail/type_vec3.hpp(98): warning #20012-D: __host__ annotation is ignored on a function("vec") that is explicitly defaulted on its first declaration
  
C:\src\vcpkg\installed\x64-windows\include\glm\ext\../detail/type_vec3.hpp(99): warning #20012-D: __device__ annotation is ignored on a function("vec") that is explicitly defaulted on its first declaration
  
C:\src\vcpkg\installed\x64-windows\include\glm\ext\../detail/type_vec3.hpp(99): warning #20012-D: __host__ annotation is ignored on a function("vec") that is explicitly defaulted on its first declaration
  
C:\src\vcpkg\installed\x64-windows\include\glm\ext\../detail/type_vec3.hpp(176): warning #20012-D: __device__ annotation is ignored on a function("operator=") that is explicitly defaulted on its first declaration
  
C:\src\vcpkg\installed\x64-windows\include\glm\ext\../detail/type_vec3.hpp(176): warning #20012-D: __host__ annotation is ignored on a function("operator=") that is explicitly defaulted on its first declaration
  
C:\src\vcpkg\installed\x64-windows\include\glm\ext\../detail/type_vec4.hpp(97): warning #20012-D: __device__ annotation is ignored on a function("vec") that is explicitly defaulted on its first declaration
  
C:\src\vcpkg\installed\x64-windows\include\glm\ext\../detail/type_vec4.hpp(97): warning #20012-D: __host__ annotation is ignored on a function("vec") that is explicitly defaulted on its first declaration
  
C:\src\vcpkg\installed\x64-windows\include\glm\ext\../detail/type_vec4.hpp(98): warning #20012-D: __device__ annotation is ignored on a function("vec") that is explicitly defaulted on its first declaration
  
C:\src\vcpkg\installed\x64-windows\include\glm\ext\../detail/type_vec4.hpp(98): warning #20012-D: __host__ annotation is ignored on a function("vec") that is explicitly defaulted on its first declaration
  
C:\src\vcpkg\installed\x64-windows\include\glm\ext\../detail/type_vec4.hpp(249): warning #20012-D: __device__ annotation is ignored on a function("operator=") that is explicitly defaulted on its first declaration
  
C:\src\vcpkg\installed\x64-windows\include\glm\ext\../detail/type_vec4.hpp(249): warning #20012-D: __host__ annotation is ignored on a function("operator=") that is explicitly defaulted on its first declaration
  
C:\src\vcpkg\installed\x64-windows\include\glm\ext\../detail/type_mat2x2.hpp(35): warning #20012-D: __device__ annotation is ignored on a function("mat") that is explicitly defaulted on its first declaration
  
C:\src\vcpkg\installed\x64-windows\include\glm\ext\../detail/type_mat2x2.hpp(35): warning #20012-D: __host__ annotation is ignored on a function("mat") that is explicitly defaulted on its first declaration
  
C:\src\vcpkg\installed\x64-windows\include\glm\ext\../detail/type_mat2x3.hpp(36): warning #20012-D: __device__ annotation is ignored on a function("mat") that is explicitly defaulted on its first declaration
  
C:\src\vcpkg\installed\x64-windows\include\glm\ext\../detail/type_mat2x3.hpp(36): warning #20012-D: __host__ annotation is ignored on a function("mat") that is explicitly defaulted on its first declaration
  
C:\src\vcpkg\installed\x64-windows\include\glm\ext\../detail/type_mat2x4.hpp(36): warning #20012-D: __device__ annotation is ignored on a function("mat") that is explicitly defaulted on its first declaration
  
C:\src\vcpkg\installed\x64-windows\include\glm\ext\../detail/type_mat2x4.hpp(36): warning #20012-D: __host__ annotation is ignored on a function("mat") that is explicitly defaulted on its first declaration
  
C:\src\vcpkg\installed\x64-windows\include\glm\ext\../detail/type_mat3x2.hpp(36): warning #20012-D: __device__ annotation is ignored on a function("mat") that is explicitly defaulted on its first declaration
  
C:\src\vcpkg\installed\x64-windows\include\glm\ext\../detail/type_mat3x2.hpp(36): warning #20012-D: __host__ annotation is ignored on a function("mat") that is explicitly defaulted on its first declaration
  
C:\src\vcpkg\installed\x64-windows\include\glm\ext\../detail/type_mat3x3.hpp(35): warning #20012-D: __device__ annotation is ignored on a function("mat") that is explicitly defaulted on its first declaration
  
C:\src\vcpkg\installed\x64-windows\include\glm\ext\../detail/type_mat3x3.hpp(35): warning #20012-D: __host__ annotation is ignored on a function("mat") that is explicitly defaulted on its first declaration
  
C:\src\vcpkg\installed\x64-windows\include\glm\ext\../detail/type_mat3x4.hpp(36): warning #20012-D: __device__ annotation is ignored on a function("mat") that is explicitly defaulted on its first declaration
  
C:\src\vcpkg\installed\x64-windows\include\glm\ext\../detail/type_mat3x4.hpp(36): warning #20012-D: __host__ annotation is ignored on a function("mat") that is explicitly defaulted on its first declaration
  
C:\src\vcpkg\installed\x64-windows\include\glm\ext\../detail/type_mat4x2.hpp(36): warning #20012-D: __device__ annotation is ignored on a function("mat") that is explicitly defaulted on its first declaration
  
C:\src\vcpkg\installed\x64-windows\include\glm\ext\../detail/type_mat4x2.hpp(36): warning #20012-D: __host__ annotation is ignored on a function("mat") that is explicitly defaulted on its first declaration
  
C:\src\vcpkg\installed\x64-windows\include\glm\ext\../detail/type_mat4x3.hpp(36): warning #20012-D: __device__ annotation is ignored on a function("mat") that is explicitly defaulted on its first declaration
  
C:\src\vcpkg\installed\x64-windows\include\glm\ext\../detail/type_mat4x3.hpp(36): warning #20012-D: __host__ annotation is ignored on a function("mat") that is explicitly defaulted on its first declaration
  
C:\src\vcpkg\installed\x64-windows\include\glm\ext\../detail/type_mat4x4.hpp(35): warning #20012-D: __device__ annotation is ignored on a function("mat") that is explicitly defaulted on its first declaration
  
C:\src\vcpkg\installed\x64-windows\include\glm\ext\../detail/type_mat4x4.hpp(35): warning #20012-D: __host__ annotation is ignored on a function("mat") that is explicitly defaulted on its first declaration
  
C:\src\vcpkg\installed\x64-windows\include\glm\detail/type_vec1.hpp(95): warning #20012-D: __device__ annotation is ignored on a function("vec") that is explicitly defaulted on its first declaration
  
C:\src\vcpkg\installed\x64-windows\include\glm\detail/type_vec1.hpp(95): warning #20012-D: __host__ annotation is ignored on a function("vec") that is explicitly defaulted on its first declaration
  
C:\src\vcpkg\installed\x64-windows\include\glm\detail/type_vec1.hpp(96): warning #20012-D: __device__ annotation is ignored on a function("vec") that is explicitly defaulted on its first declaration
  
C:\src\vcpkg\installed\x64-windows\include\glm\detail/type_vec1.hpp(96): warning #20012-D: __host__ annotation is ignored on a function("vec") that is explicitly defaulted on its first declaration
  
C:\src\vcpkg\installed\x64-windows\include\glm\detail/type_vec1.hpp(132): warning #20012-D: __device__ annotation is ignored on a function("operator=") that is explicitly defaulted on its first declaration
  
C:\src\vcpkg\installed\x64-windows\include\glm\detail/type_vec1.hpp(132): warning #20012-D: __host__ annotation is ignored on a function("operator=") that is explicitly defaulted on its first declaration
  
C:\src\vcpkg\installed\x64-windows\include\eigen3\Eigen\src/Core/DenseStorage.h(223): warning #20012-D: __host__ annotation is ignored on a function("DenseStorage") that is explicitly defaulted on its first declaration
  
C:\src\vcpkg\installed\x64-windows\include\eigen3\Eigen\src/Core/DenseStorage.h(223): warning #20012-D: __device__ annotation is ignored on a function("DenseStorage") that is explicitly defaulted on its first declaration
  
C:\src\vcpkg\installed\x64-windows\include\eigen3\Eigen\src/Core/DenseStorage.h(233): warning #20012-D: __host__ annotation is ignored on a function("operator=") that is explicitly defaulted on its first declaration
  
C:\src\vcpkg\installed\x64-windows\include\eigen3\Eigen\src/Core/DenseStorage.h(233): warning #20012-D: __device__ annotation is ignored on a function("operator=") that is explicitly defaulted on its first declaration
  
C:\src\vcpkg\installed\x64-windows\include\eigen3\Eigen\src/Core/DenseStorage.h(248): warning #20012-D: __host__ annotation is ignored on a function("DenseStorage") that is explicitly defaulted on its first declaration
  
C:\src\vcpkg\installed\x64-windows\include\eigen3\Eigen\src/Core/DenseStorage.h(248): warning #20012-D: __device__ annotation is ignored on a function("DenseStorage") that is explicitly defaulted on its first declaration
  
C:\src\vcpkg\installed\x64-windows\include\eigen3\Eigen\src/Core/DenseStorage.h(249): warning #20012-D: __host__ annotation is ignored on a function("operator=") that is explicitly defaulted on its first declaration
  
C:\src\vcpkg\installed\x64-windows\include\eigen3\Eigen\src/Core/DenseStorage.h(249): warning #20012-D: __device__ annotation is ignored on a function("operator=") that is explicitly defaulted on its first declaration
  
E:\CS275\CUDA_stable_fluids\Stable_fluids\Stable_fluids\main.cu(362): error : namespace "std" has no member "clamp"
  
E:\CS275\CUDA_stable_fluids\Stable_fluids\Stable_fluids\main.cu(363): error : namespace "std" has no member "clamp"
  
E:\CS275\CUDA_stable_fluids\Stable_fluids\Stable_fluids\main.cu(386): error : namespace "std" has no member "clamp"
  
E:\CS275\CUDA_stable_fluids\Stable_fluids\Stable_fluids\main.cu(387): error : namespace "std" has no member "clamp"
  
  4 errors detected in the compilation of "E:/CS275/CUDA_stable_fluids/Stable_fluids/Stable_fluids/main.cu".
  main.cu
E:\visual studio ide\MSBuild\Microsoft\VC\v170\BuildCustomizations\CUDA 12.0.targets(799,9): error MSB3721: 命令“"E:\cuda develop\bin\nvcc.exe" -gencode=arch=compute_52,code=\"sm_52,compute_52\" --use-local-env -ccbin "E:\visual studio ide\VC\Tools\MSVC\14.34.31933\bin\HostX64\x64" -x cu   -I"E:\cuda develop\include" -I"C:\src\vcpkg\installed\x64-windows\include" -I"E:\cuda develop\include"  -G   --keep-dir x64\Debug  -maxrregcount=0  --machine 64 --compile -cudart static  -g  -DWIN32 -DWIN64 -D_DEBUG -D_CONSOLE -D_MBCS -Xcompiler "/EHsc /W3 /nologo /Od /FS /Zi /RTC1 /MDd " -Xcompiler "/Fdx64\Debug\vc143.pdb" -o E:\CS275\CUDA_stable_fluids\Stable_fluids\Stable_fluids\x64\Debug\main.cu.obj "E:\CS275\CUDA_stable_fluids\Stable_fluids\Stable_fluids\main.cu"”已退出，返回代码为 2。
